Using pre-set license
Built from '2022.3/release' branch; Version is '2022.3.5f1 (9674261d40ee) revision 9860134'; Using compiler version '192829333'; Build Type 'Release'
OS: 'Windows 10  (10.0.19045) 64bit Professional' Language: 'es' Physical Memory: 16308 MB
BatchMode: 1, IsHumanControllingUs: 0, StartBugReporterOnCrash: 0, Is64bit: 1, IsPro: 1

COMMAND LINE ARGUMENTS:
D:\unity\2022.3.5f1\Editor\Unity.exe
-adb2
-batchMode
-noUpm
-name
AssetImportWorker0
-projectPath
D:/unity porjects/RecuperatorioDeRedes
-logFile
Logs/AssetImportWorker0.log
-srvPort
55139
Successfully changed project path to: D:/unity porjects/RecuperatorioDeRedes
D:/unity porjects/RecuperatorioDeRedes
[UnityMemory] Configuration Parameters - Can be set up in boot.config
    "memorysetup-bucket-allocator-granularity=16"
    "memorysetup-bucket-allocator-bucket-count=8"
    "memorysetup-bucket-allocator-block-size=33554432"
    "memorysetup-bucket-allocator-block-count=8"
    "memorysetup-main-allocator-block-size=16777216"
    "memorysetup-thread-allocator-block-size=16777216"
    "memorysetup-gfx-main-allocator-block-size=16777216"
    "memorysetup-gfx-thread-allocator-block-size=16777216"
    "memorysetup-cache-allocator-block-size=4194304"
    "memorysetup-typetree-allocator-block-size=2097152"
    "memorysetup-profiler-bucket-allocator-granularity=16"
    "memorysetup-profiler-bucket-allocator-bucket-count=8"
    "memorysetup-profiler-bucket-allocator-block-size=33554432"
    "memorysetup-profiler-bucket-allocator-block-count=8"
    "memorysetup-profiler-allocator-block-size=16777216"
    "memorysetup-profiler-editor-allocator-block-size=1048576"
    "memorysetup-temp-allocator-size-main=16777216"
    "memorysetup-job-temp-allocator-block-size=2097152"
    "memorysetup-job-temp-allocator-block-size-background=1048576"
    "memorysetup-job-temp-allocator-reduction-small-platforms=262144"
    "memorysetup-allocator-temp-initial-block-size-main=262144"
    "memorysetup-allocator-temp-initial-block-size-worker=262144"
    "memorysetup-temp-allocator-size-background-worker=32768"
    "memorysetup-temp-allocator-size-job-worker=262144"
    "memorysetup-temp-allocator-size-preload-manager=33554432"
    "memorysetup-temp-allocator-size-nav-mesh-worker=65536"
    "memorysetup-temp-allocator-size-audio-worker=65536"
    "memorysetup-temp-allocator-size-cloud-worker=32768"
    "memorysetup-temp-allocator-size-gi-baking-worker=262144"
    "memorysetup-temp-allocator-size-gfx=262144"
Player connection [18584] Host "[IP] 192.168.0.97 [Port] 0 [Flags] 2 [Guid] 1343194189 [EditorId] 1343194189 [Version] 1048832 [Id] WindowsEditor(7,DESKTOP-M5EI0FN) [Debug] 1 [PackageName] WindowsEditor [ProjectName] Editor" joined multi-casting on [225.0.0.222:54997]...

Player connection [18584] Host "[IP] 192.168.0.97 [Port] 0 [Flags] 2 [Guid] 1343194189 [EditorId] 1343194189 [Version] 1048832 [Id] WindowsEditor(7,DESKTOP-M5EI0FN) [Debug] 1 [PackageName] WindowsEditor [ProjectName] Editor" joined alternative multi-casting on [225.0.0.222:34997]...

Refreshing native plugins compatible for Editor in 4.90 ms, found 3 plugins.
Preloading 0 native plugins for Editor in 0.00 ms.
Initialize engine version: 2022.3.5f1 (9674261d40ee)
[Subsystems] Discovering subsystems at path D:/unity/2022.3.5f1/Editor/Data/Resources/UnitySubsystems
[Subsystems] Discovering subsystems at path D:/unity porjects/RecuperatorioDeRedes/Assets
GfxDevice: creating device client; threaded=0; jobified=0
Direct3D:
    Version:  Direct3D 11.0 [level 11.1]
    Renderer: AMD Radeon RX 6700 XT (ID=0x73df)
    Vendor:   ATI
    VRAM:     12243 MB
    Driver:   32.0.21001.9024
Initialize mono
Mono path[0] = 'D:/unity/2022.3.5f1/Editor/Data/Managed'
Mono path[1] = 'D:/unity/2022.3.5f1/Editor/Data/MonoBleedingEdge/lib/mono/unityjit-win32'
Mono config path = 'D:/unity/2022.3.5f1/Editor/Data/MonoBleedingEdge/etc'
Using monoOptions --debugger-agent=transport=dt_socket,embedding=1,server=y,suspend=n,address=127.0.0.1:56000
Begin MonoManager ReloadAssembly
Registering precompiled unity dll's ...
Register platform support module: D:/unity/2022.3.5f1/Editor/Data/PlaybackEngines/AndroidPlayer/UnityEditor.Android.Extensions.dll
Register platform support module: D:/unity/2022.3.5f1/Editor/Data/PlaybackEngines/WindowsStandaloneSupport/UnityEditor.WindowsStandalone.Extensions.dll
Registered in 0.003739 seconds.
- Loaded All Assemblies, in  0.257 seconds
Native extension for WindowsStandalone target not found
Native extension for Android target not found
Android Extension - Scanning For ADB Devices 1751 ms
Mono: successfully reloaded assembly
- Finished resetting the current domain, in  1.989 seconds
Domain Reload Profiling: 2246ms
	BeginReloadAssembly (71ms)
		ExecutionOrderSort (0ms)
		DisableScriptedObjects (0ms)
		BackupInstance (0ms)
		ReleaseScriptingObjects (0ms)
		CreateAndSetChildDomain (1ms)
	RebuildCommonClasses (26ms)
	RebuildNativeTypeToScriptingClass (8ms)
	initialDomainReloadingComplete (41ms)
	LoadAllAssembliesAndSetupDomain (110ms)
		LoadAssemblies (71ms)
		RebuildTransferFunctionScriptingTraits (0ms)
		AnalyzeDomain (108ms)
			TypeCache.Refresh (107ms)
				TypeCache.ScanAssembly (97ms)
			ScanForSourceGeneratedMonoScriptInfo (0ms)
			ResolveRequiredComponents (0ms)
	FinalizeReload (1990ms)
		ReleaseScriptCaches (0ms)
		RebuildScriptCaches (0ms)
		SetupLoadedEditorAssemblies (1946ms)
			LogAssemblyErrors (0ms)
			InitializePlatformSupportModulesInManaged (1831ms)
			SetLoadedEditorAssemblies (3ms)
			RefreshPlugins (0ms)
			BeforeProcessingInitializeOnLoad (2ms)
			ProcessInitializeOnLoadAttributes (76ms)
			ProcessInitializeOnLoadMethodAttributes (35ms)
			AfterProcessingInitializeOnLoad (0ms)
			EditorAssembliesLoaded (0ms)
		ExecutionOrderSort2 (0ms)
		AwakeInstancesAfterBackupRestoration (0ms)
========================================================================
Worker process is ready to serve import requests
Begin MonoManager ReloadAssembly
Symbol file LoadedFromMemory doesn't match image D:\unity porjects\RecuperatorioDeRedes\Library\PackageCache\com.unity.visualscripting@1.8.0\Editor\VisualScripting.Core\Dependencies\YamlDotNet\Unity.VisualScripting.YamlDotNet.dll
Symbol file LoadedFromMemory doesn't match image D:\unity porjects\RecuperatorioDeRedes\Library\PackageCache\com.unity.visualscripting@1.8.0\Editor\VisualScripting.Core\Dependencies\DotNetZip\Unity.VisualScripting.IonicZip.dll
- Loaded All Assemblies, in  0.521 seconds
Refreshing native plugins compatible for Editor in 1.65 ms, found 3 plugins.
Native extension for WindowsStandalone target not found
Native extension for Android target not found
Package Manager log level set to [2]
[Package Manager] Server::EnsureServerProcessIsRunning -- launch failed, reason: Unity was launched with the -noUpm command-line argument
[Package Manager] UpmClient::Send -- Unable to send message (not connected to UPM process).
[Package Manager] Cannot connect to Unity Package Manager local server
Mono: successfully reloaded assembly
- Finished resetting the current domain, in  0.429 seconds
Domain Reload Profiling: 950ms
	BeginReloadAssembly (97ms)
		ExecutionOrderSort (0ms)
		DisableScriptedObjects (4ms)
		BackupInstance (0ms)
		ReleaseScriptingObjects (0ms)
		CreateAndSetChildDomain (19ms)
	RebuildCommonClasses (22ms)
	RebuildNativeTypeToScriptingClass (8ms)
	initialDomainReloadingComplete (28ms)
	LoadAllAssembliesAndSetupDomain (365ms)
		LoadAssemblies (188ms)
		RebuildTransferFunctionScriptingTraits (0ms)
		AnalyzeDomain (227ms)
			TypeCache.Refresh (214ms)
				TypeCache.ScanAssembly (201ms)
			ScanForSourceGeneratedMonoScriptInfo (11ms)
			ResolveRequiredComponents (3ms)
	FinalizeReload (429ms)
		ReleaseScriptCaches (0ms)
		RebuildScriptCaches (0ms)
		SetupLoadedEditorAssemblies (311ms)
			LogAssemblyErrors (0ms)
			InitializePlatformSupportModulesInManaged (17ms)
			SetLoadedEditorAssemblies (4ms)
			RefreshPlugins (0ms)
			BeforeProcessingInitializeOnLoad (42ms)
			ProcessInitializeOnLoadAttributes (231ms)
			ProcessInitializeOnLoadMethodAttributes (16ms)
			AfterProcessingInitializeOnLoad (2ms)
			EditorAssembliesLoaded (0ms)
		ExecutionOrderSort2 (0ms)
		AwakeInstancesAfterBackupRestoration (6ms)
Launched and connected shader compiler UnityShaderCompiler.exe after 0.04 seconds
Refreshing native plugins compatible for Editor in 1.55 ms, found 3 plugins.
Preloading 0 native plugins for Editor in 0.00 ms.
Unloading 3075 Unused Serialized files (Serialized files now loaded: 0)
Unloading 31 unused Assets / (56.4 KB). Loaded Objects now: 3543.
Memory consumption went from 123.2 MB to 123.1 MB.
Total: 2.836300 ms (FindLiveObjects: 0.222500 ms CreateObjectMapping: 0.120900 ms MarkObjects: 2.409500 ms  DeleteObjects: 0.082600 ms)

AssetImportParameters requested are different than current active one (requested -> active):
  custom:container-demuxer-ogg: 62fdf1f143b41e24485cea50d1cbac27 -> 
  custom:video-decoder-ogg-theora: a1e56fd34408186e4bbccfd4996cb3dc -> 
  custom:framework-win-MediaFoundation: 216162199b28c13a410421893ffa2e32 -> 
  custom:container-demuxer-webm: 4f35f7cbe854078d1ac9338744f61a02 -> 
  custom:container-muxer-webm: aa71ff27fc2769a1b78a27578f13a17b -> 
  custom:video-decoder-webm-vp8: 9c59270c3fd7afecdb556c50c9e8de78 -> 
  custom:AudioImporter_EditorPlatform: d09bf68614088b80899f8185d706f6e7 -> 
  custom:video-encoder-webm-vp8: eb34c28f22e8b96e1ab97ce403110664 -> 
  custom:audio-decoder-ogg-vorbis: bf7c407c2cedff20999df2af8eb42d56 -> 
  custom:audio-encoder-webm-vorbis: bf7c407c2cedff20999df2af8eb42d56 -> 
========================================================================
Received Prepare
Refreshing native plugins compatible for Editor in 1.71 ms, found 3 plugins.
Preloading 0 native plugins for Editor in 0.00 ms.
Unloading 1 Unused Serialized files (Serialized files now loaded: 0)
Unloading 1 unused Assets / (3.0 KB). Loaded Objects now: 3543.
Memory consumption went from 74.1 MB to 74.1 MB.
Total: 2.498700 ms (FindLiveObjects: 0.245700 ms CreateObjectMapping: 0.067200 ms MarkObjects: 2.173500 ms  DeleteObjects: 0.011900 ms)

Prepare: number of updated asset objects reloaded= 0
AssetImportParameters requested are different than current active one (requested -> active):
  custom:container-demuxer-ogg: 62fdf1f143b41e24485cea50d1cbac27 -> 
  custom:video-decoder-ogg-theora: a1e56fd34408186e4bbccfd4996cb3dc -> 
  custom:framework-win-MediaFoundation: 216162199b28c13a410421893ffa2e32 -> 
  custom:CustomObjectIndexerAttribute: 756ad292c208cfabdd7b50bc23989ffe -> 
  custom:container-demuxer-webm: 4f35f7cbe854078d1ac9338744f61a02 -> 
  custom:container-muxer-webm: aa71ff27fc2769a1b78a27578f13a17b -> 
  custom:video-decoder-webm-vp8: 9c59270c3fd7afecdb556c50c9e8de78 -> 
  custom:AudioImporter_EditorPlatform: d09bf68614088b80899f8185d706f6e7 -> 
  custom:video-encoder-webm-vp8: eb34c28f22e8b96e1ab97ce403110664 -> 
  custom:audio-decoder-ogg-vorbis: bf7c407c2cedff20999df2af8eb42d56 -> 
  custom:audio-encoder-webm-vorbis: bf7c407c2cedff20999df2af8eb42d56 -> 
========================================================================
Received Prepare
Begin MonoManager ReloadAssembly
Symbol file LoadedFromMemory doesn't match image D:\unity porjects\RecuperatorioDeRedes\Library\PackageCache\com.unity.visualscripting@1.8.0\Editor\VisualScripting.Core\Dependencies\YamlDotNet\Unity.VisualScripting.YamlDotNet.dll
Symbol file LoadedFromMemory doesn't match image D:\unity porjects\RecuperatorioDeRedes\Library\PackageCache\com.unity.visualscripting@1.8.0\Editor\VisualScripting.Core\Dependencies\DotNetZip\Unity.VisualScripting.IonicZip.dll
- Loaded All Assemblies, in  0.543 seconds
Refreshing native plugins compatible for Editor in 2.40 ms, found 3 plugins.
Native extension for WindowsStandalone target not found
Native extension for Android target not found
[Package Manager] Server::EnsureServerProcessIsRunning -- launch failed, reason: Unity was launched with the -noUpm command-line argument
[Package Manager] UpmClient::Send -- Unable to send message (not connected to UPM process).
[Package Manager] Cannot connect to Unity Package Manager local server
Mono: successfully reloaded assembly
- Finished resetting the current domain, in  0.559 seconds
Domain Reload Profiling: 1102ms
	BeginReloadAssembly (119ms)
		ExecutionOrderSort (0ms)
		DisableScriptedObjects (4ms)
		BackupInstance (0ms)
		ReleaseScriptingObjects (0ms)
		CreateAndSetChildDomain (34ms)
	RebuildCommonClasses (23ms)
	RebuildNativeTypeToScriptingClass (8ms)
	initialDomainReloadingComplete (20ms)
	LoadAllAssembliesAndSetupDomain (372ms)
		LoadAssemblies (200ms)
		RebuildTransferFunctionScriptingTraits (0ms)
		AnalyzeDomain (229ms)
			TypeCache.Refresh (224ms)
				TypeCache.ScanAssembly (213ms)
			ScanForSourceGeneratedMonoScriptInfo (2ms)
			ResolveRequiredComponents (3ms)
	FinalizeReload (560ms)
		ReleaseScriptCaches (0ms)
		RebuildScriptCaches (0ms)
		SetupLoadedEditorAssemblies (248ms)
			LogAssemblyErrors (0ms)
			InitializePlatformSupportModulesInManaged (15ms)
			SetLoadedEditorAssemblies (3ms)
			RefreshPlugins (0ms)
			BeforeProcessingInitializeOnLoad (39ms)
			ProcessInitializeOnLoadAttributes (175ms)
			ProcessInitializeOnLoadMethodAttributes (13ms)
			AfterProcessingInitializeOnLoad (2ms)
			EditorAssembliesLoaded (0ms)
		ExecutionOrderSort2 (0ms)
		AwakeInstancesAfterBackupRestoration (7ms)
Refreshing native plugins compatible for Editor in 1.65 ms, found 3 plugins.
Preloading 0 native plugins for Editor in 0.00 ms.
Unloading 3065 Unused Serialized files (Serialized files now loaded: 0)
Unloading 24 unused Assets / (31.7 KB). Loaded Objects now: 3544.
Memory consumption went from 120.5 MB to 120.5 MB.
Total: 2.817500 ms (FindLiveObjects: 0.245400 ms CreateObjectMapping: 0.136100 ms MarkObjects: 2.394000 ms  DeleteObjects: 0.041200 ms)

Prepare: number of updated asset objects reloaded= 0
AssetImportParameters requested are different than current active one (requested -> active):
  custom:container-demuxer-ogg: 62fdf1f143b41e24485cea50d1cbac27 -> 
  custom:video-decoder-ogg-theora: a1e56fd34408186e4bbccfd4996cb3dc -> 
  custom:framework-win-MediaFoundation: 216162199b28c13a410421893ffa2e32 -> 
  custom:CustomObjectIndexerAttribute: 756ad292c208cfabdd7b50bc23989ffe -> 
  custom:container-demuxer-webm: 4f35f7cbe854078d1ac9338744f61a02 -> 
  custom:container-muxer-webm: aa71ff27fc2769a1b78a27578f13a17b -> 
  custom:video-decoder-webm-vp8: 9c59270c3fd7afecdb556c50c9e8de78 -> 
  custom:AudioImporter_EditorPlatform: d09bf68614088b80899f8185d706f6e7 -> 
  custom:video-encoder-webm-vp8: eb34c28f22e8b96e1ab97ce403110664 -> 
  custom:audio-decoder-ogg-vorbis: bf7c407c2cedff20999df2af8eb42d56 -> 
  custom:audio-encoder-webm-vorbis: bf7c407c2cedff20999df2af8eb42d56 -> 
========================================================================
Received Prepare
Begin MonoManager ReloadAssembly
Symbol file LoadedFromMemory doesn't match image D:\unity porjects\RecuperatorioDeRedes\Library\PackageCache\com.unity.visualscripting@1.8.0\Editor\VisualScripting.Core\Dependencies\YamlDotNet\Unity.VisualScripting.YamlDotNet.dll
Symbol file LoadedFromMemory doesn't match image D:\unity porjects\RecuperatorioDeRedes\Library\PackageCache\com.unity.visualscripting@1.8.0\Editor\VisualScripting.Core\Dependencies\DotNetZip\Unity.VisualScripting.IonicZip.dll
- Loaded All Assemblies, in  0.487 seconds
Refreshing native plugins compatible for Editor in 1.91 ms, found 3 plugins.
Native extension for WindowsStandalone target not found
Native extension for Android target not found
[Package Manager] Server::EnsureServerProcessIsRunning -- launch failed, reason: Unity was launched with the -noUpm command-line argument
[Package Manager] UpmClient::Send -- Unable to send message (not connected to UPM process).
[Package Manager] Cannot connect to Unity Package Manager local server
Mono: successfully reloaded assembly
- Finished resetting the current domain, in  0.617 seconds
Domain Reload Profiling: 1104ms
	BeginReloadAssembly (114ms)
		ExecutionOrderSort (0ms)
		DisableScriptedObjects (4ms)
		BackupInstance (0ms)
		ReleaseScriptingObjects (0ms)
		CreateAndSetChildDomain (30ms)
	RebuildCommonClasses (22ms)
	RebuildNativeTypeToScriptingClass (8ms)
	initialDomainReloadingComplete (21ms)
	LoadAllAssembliesAndSetupDomain (322ms)
		LoadAssemblies (197ms)
		RebuildTransferFunctionScriptingTraits (0ms)
		AnalyzeDomain (178ms)
			TypeCache.Refresh (175ms)
				TypeCache.ScanAssembly (164ms)
			ScanForSourceGeneratedMonoScriptInfo (0ms)
			ResolveRequiredComponents (3ms)
	FinalizeReload (617ms)
		ReleaseScriptCaches (0ms)
		RebuildScriptCaches (0ms)
		SetupLoadedEditorAssemblies (286ms)
			LogAssemblyErrors (0ms)
			InitializePlatformSupportModulesInManaged (17ms)
			SetLoadedEditorAssemblies (4ms)
			RefreshPlugins (0ms)
			BeforeProcessingInitializeOnLoad (43ms)
			ProcessInitializeOnLoadAttributes (205ms)
			ProcessInitializeOnLoadMethodAttributes (15ms)
			AfterProcessingInitializeOnLoad (2ms)
			EditorAssembliesLoaded (0ms)
		ExecutionOrderSort2 (0ms)
		AwakeInstancesAfterBackupRestoration (8ms)
Refreshing native plugins compatible for Editor in 1.71 ms, found 3 plugins.
Preloading 0 native plugins for Editor in 0.00 ms.
Unloading 3065 Unused Serialized files (Serialized files now loaded: 0)
Unloading 22 unused Assets / (30.7 KB). Loaded Objects now: 3547.
Memory consumption went from 120.6 MB to 120.6 MB.
Total: 2.873400 ms (FindLiveObjects: 0.288900 ms CreateObjectMapping: 0.156900 ms MarkObjects: 2.386500 ms  DeleteObjects: 0.040300 ms)

Prepare: number of updated asset objects reloaded= 0
AssetImportParameters requested are different than current active one (requested -> active):
  custom:container-demuxer-ogg: 62fdf1f143b41e24485cea50d1cbac27 -> 
  custom:video-decoder-ogg-theora: a1e56fd34408186e4bbccfd4996cb3dc -> 
  custom:framework-win-MediaFoundation: 216162199b28c13a410421893ffa2e32 -> 
  custom:CustomObjectIndexerAttribute: 756ad292c208cfabdd7b50bc23989ffe -> 
  custom:container-demuxer-webm: 4f35f7cbe854078d1ac9338744f61a02 -> 
  custom:container-muxer-webm: aa71ff27fc2769a1b78a27578f13a17b -> 
  custom:video-decoder-webm-vp8: 9c59270c3fd7afecdb556c50c9e8de78 -> 
  custom:AudioImporter_EditorPlatform: d09bf68614088b80899f8185d706f6e7 -> 
  custom:video-encoder-webm-vp8: eb34c28f22e8b96e1ab97ce403110664 -> 
  custom:audio-decoder-ogg-vorbis: bf7c407c2cedff20999df2af8eb42d56 -> 
  custom:audio-encoder-webm-vorbis: bf7c407c2cedff20999df2af8eb42d56 -> 
========================================================================
Received Import Request.
  Time since last request: 111092.579201 seconds.
  path: Assets/KayKit_City_Builder_Bits_1.0_FREE
  artifactKey: Guid(9511d0b58ad82db48a22dc015c1b1952) Importer(815301076,1909f56bfc062723c751e8b465ee728b)
Start importing Assets/KayKit_City_Builder_Bits_1.0_FREE using Guid(9511d0b58ad82db48a22dc015c1b1952) Importer(815301076,1909f56bfc062723c751e8b465ee728b)  -> (artifact id: '1ab79ce27c97a17fc8b5917d2ca4c317') in 0.001421 seconds
Number of updated asset objects reloaded before import = 0
Number of asset objects unloaded after import = 0
========================================================================
Received Import Request.
  Time since last request: 0.774691 seconds.
  path: Assets/KayKit_City_Builder_Bits_1.0_FREE/KayKit_City_Builder_Bits_1.0_FREE
  artifactKey: Guid(84d9198dce89aa3469dc9ecdd5196c40) Importer(815301076,1909f56bfc062723c751e8b465ee728b)
Start importing Assets/KayKit_City_Builder_Bits_1.0_FREE/KayKit_City_Builder_Bits_1.0_FREE using Guid(84d9198dce89aa3469dc9ecdd5196c40) Importer(815301076,1909f56bfc062723c751e8b465ee728b)  -> (artifact id: '92c42201c174513a58ae1dbdab1e8eff') in 0.000384 seconds
Number of updated asset objects reloaded before import = 0
Number of asset objects unloaded after import = 0
========================================================================
Received Import Request.
  Time since last request: 0.070932 seconds.
  path: Assets/KayKit_City_Builder_Bits_1.0_FREE/KayKit_City_Builder_Bits_1.0_FREE/contents.png
  artifactKey: Guid(abe1d9ecf8d62e7478daf827a8842067) Importer(815301076,1909f56bfc062723c751e8b465ee728b)
Start importing Assets/KayKit_City_Builder_Bits_1.0_FREE/KayKit_City_Builder_Bits_1.0_FREE/contents.png using Guid(abe1d9ecf8d62e7478daf827a8842067) Importer(815301076,1909f56bfc062723c751e8b465ee728b)  -> (artifact id: 'ed4df9ae5659e5a7d5d98bf550397dab') in 0.034405 seconds
Number of updated asset objects reloaded before import = 0
Number of asset objects unloaded after import = 2
========================================================================
Received Import Request.
  Time since last request: 1.916173 seconds.
  path: Assets/KayKit_City_Builder_Bits_1.0_FREE/KayKit_City_Builder_Bits_1.0_FREE/Assets
  artifactKey: Guid(25174c25a4f7cca4cb9b834ef35b4dcc) Importer(815301076,1909f56bfc062723c751e8b465ee728b)
Start importing Assets/KayKit_City_Builder_Bits_1.0_FREE/KayKit_City_Builder_Bits_1.0_FREE/Assets using Guid(25174c25a4f7cca4cb9b834ef35b4dcc) Importer(815301076,1909f56bfc062723c751e8b465ee728b)  -> (artifact id: 'b9bec6436d7b2629542587cc33c8411c') in 0.000418 seconds
Number of updated asset objects reloaded before import = 0
Number of asset objects unloaded after import = 0
========================================================================
Received Import Request.
  Time since last request: 2.371792 seconds.
  path: Assets/KayKit_City_Builder_Bits_1.0_FREE/KayKit_City_Builder_Bits_1.0_FREE/Assets/fbx
  artifactKey: Guid(9d1cd2b43e457124eac166feff66405b) Importer(815301076,1909f56bfc062723c751e8b465ee728b)
Start importing Assets/KayKit_City_Builder_Bits_1.0_FREE/KayKit_City_Builder_Bits_1.0_FREE/Assets/fbx using Guid(9d1cd2b43e457124eac166feff66405b) Importer(815301076,1909f56bfc062723c751e8b465ee728b)  -> (artifact id: 'e34bd215b2679aea63f06afadf1f63fb') in 0.000395 seconds
Number of updated asset objects reloaded before import = 0
Number of asset objects unloaded after import = 0
========================================================================
Received Import Request.
  Time since last request: 0.071064 seconds.
  path: Assets/KayKit_City_Builder_Bits_1.0_FREE/KayKit_City_Builder_Bits_1.0_FREE/Assets/fbx/base.fbx
  artifactKey: Guid(6bed181ddfc123a46a5a76d1f619470c) Importer(815301076,1909f56bfc062723c751e8b465ee728b)
Start importing Assets/KayKit_City_Builder_Bits_1.0_FREE/KayKit_City_Builder_Bits_1.0_FREE/Assets/fbx/base.fbx using Guid(6bed181ddfc123a46a5a76d1f619470c) Importer(815301076,1909f56bfc062723c751e8b465ee728b)  -> (artifact id: '22bb6612f170cf9d1d9bc09d84666b3f') in 0.082544 seconds
Number of updated asset objects reloaded before import = 0
Number of asset objects unloaded after import = 9
========================================================================
Received Import Request.
  Time since last request: 0.000013 seconds.
  path: Assets/KayKit_City_Builder_Bits_1.0_FREE/KayKit_City_Builder_Bits_1.0_FREE/Assets/fbx/building_H_withoutBase.fbx
  artifactKey: Guid(344c63db4e07b8340b196dbae37bbfe2) Importer(815301076,1909f56bfc062723c751e8b465ee728b)
Start importing Assets/KayKit_City_Builder_Bits_1.0_FREE/KayKit_City_Builder_Bits_1.0_FREE/Assets/fbx/building_H_withoutBase.fbx using Guid(344c63db4e07b8340b196dbae37bbfe2) Importer(815301076,1909f56bfc062723c751e8b465ee728b)  -> (artifact id: 'd2bf88a6ea1dddb77cab757de1dc6095') in 0.014967 seconds
Number of updated asset objects reloaded before import = 0
Number of asset objects unloaded after import = 9
========================================================================
Received Import Request.
  Time since last request: 0.000013 seconds.
  path: Assets/KayKit_City_Builder_Bits_1.0_FREE/KayKit_City_Builder_Bits_1.0_FREE/Assets/fbx/road_tsplit.fbx
  artifactKey: Guid(448b9a21fbd4e8042b51ba55fd9e8433) Importer(815301076,1909f56bfc062723c751e8b465ee728b)
Start importing Assets/KayKit_City_Builder_Bits_1.0_FREE/KayKit_City_Builder_Bits_1.0_FREE/Assets/fbx/road_tsplit.fbx using Guid(448b9a21fbd4e8042b51ba55fd9e8433) Importer(815301076,1909f56bfc062723c751e8b465ee728b)  -> (artifact id: '6ea870d65b3356333fc47df9fc28e840') in 0.012392 seconds
Number of updated asset objects reloaded before import = 0
Number of asset objects unloaded after import = 9
========================================================================
Received Import Request.
  Time since last request: 0.000023 seconds.
  path: Assets/KayKit_City_Builder_Bits_1.0_FREE/KayKit_City_Builder_Bits_1.0_FREE/Assets/fbx/road_straight_crossing.fbx
  artifactKey: Guid(0ba13040e57bf3745a68f053a3ced589) Importer(815301076,1909f56bfc062723c751e8b465ee728b)
Start importing Assets/KayKit_City_Builder_Bits_1.0_FREE/KayKit_City_Builder_Bits_1.0_FREE/Assets/fbx/road_straight_crossing.fbx using Guid(0ba13040e57bf3745a68f053a3ced589) Importer(815301076,1909f56bfc062723c751e8b465ee728b)  -> (artifact id: '6f0504e242d5a7b4cafd67e8a66feccf') in 0.011101 seconds
Number of updated asset objects reloaded before import = 0
Number of asset objects unloaded after import = 9
========================================================================
Received Import Request.
  Time since last request: 0.000011 seconds.
  path: Assets/KayKit_City_Builder_Bits_1.0_FREE/KayKit_City_Builder_Bits_1.0_FREE/Assets/fbx/bush.fbx
  artifactKey: Guid(b3e69178464b9de46b74c501926513cd) Importer(815301076,1909f56bfc062723c751e8b465ee728b)
Start importing Assets/KayKit_City_Builder_Bits_1.0_FREE/KayKit_City_Builder_Bits_1.0_FREE/Assets/fbx/bush.fbx using Guid(b3e69178464b9de46b74c501926513cd) Importer(815301076,1909f56bfc062723c751e8b465ee728b)  -> (artifact id: '87545b913c79d43c1525f3696ae82c0a') in 0.012678 seconds
Number of updated asset objects reloaded before import = 0
Number of asset objects unloaded after import = 9
========================================================================
Received Import Request.
  Time since last request: 0.000013 seconds.
  path: Assets/KayKit_City_Builder_Bits_1.0_FREE/KayKit_City_Builder_Bits_1.0_FREE/Assets/fbx/car_sedan.fbx
  artifactKey: Guid(5ada60bce2ca721458974181769744c2) Importer(815301076,1909f56bfc062723c751e8b465ee728b)
Start importing Assets/KayKit_City_Builder_Bits_1.0_FREE/KayKit_City_Builder_Bits_1.0_FREE/Assets/fbx/car_sedan.fbx using Guid(5ada60bce2ca721458974181769744c2) Importer(815301076,1909f56bfc062723c751e8b465ee728b)  -> (artifact id: 'daf4743ff0f72019d8f74241e933aa67') in 0.039310 seconds
Number of updated asset objects reloaded before import = 0
Number of asset objects unloaded after import = 29
========================================================================
Received Import Request.
  Time since last request: 0.000012 seconds.
  path: Assets/KayKit_City_Builder_Bits_1.0_FREE/KayKit_City_Builder_Bits_1.0_FREE/Assets/fbx/building_H.fbx
  artifactKey: Guid(c8b5673af2d0691498b073357945b109) Importer(815301076,1909f56bfc062723c751e8b465ee728b)
Start importing Assets/KayKit_City_Builder_Bits_1.0_FREE/KayKit_City_Builder_Bits_1.0_FREE/Assets/fbx/building_H.fbx using Guid(c8b5673af2d0691498b073357945b109) Importer(815301076,1909f56bfc062723c751e8b465ee728b)  -> (artifact id: '12c1bd30bc1a9960d468a36fdfafe612') in 0.011744 seconds
Number of updated asset objects reloaded before import = 0
Number of asset objects unloaded after import = 9
========================================================================
Received Import Request.
  Time since last request: 0.000012 seconds.
  path: Assets/KayKit_City_Builder_Bits_1.0_FREE/KayKit_City_Builder_Bits_1.0_FREE/Assets/fbx/trafficlight_A.fbx
  artifactKey: Guid(abda4a01076f6194592950b45487b060) Importer(815301076,1909f56bfc062723c751e8b465ee728b)
Start importing Assets/KayKit_City_Builder_Bits_1.0_FREE/KayKit_City_Builder_Bits_1.0_FREE/Assets/fbx/trafficlight_A.fbx using Guid(abda4a01076f6194592950b45487b060) Importer(815301076,1909f56bfc062723c751e8b465ee728b)  -> (artifact id: '3a7a5640235ee0085d88cb08bfa65ac8') in 0.012057 seconds
Number of updated asset objects reloaded before import = 0
Number of asset objects unloaded after import = 9
========================================================================
Received Import Request.
  Time since last request: 0.000012 seconds.
  path: Assets/KayKit_City_Builder_Bits_1.0_FREE/KayKit_City_Builder_Bits_1.0_FREE/Assets/fbx/building_D_withoutBase.fbx
  artifactKey: Guid(70bb55d26f61ba94fa58a83a4ff7a68f) Importer(815301076,1909f56bfc062723c751e8b465ee728b)
Start importing Assets/KayKit_City_Builder_Bits_1.0_FREE/KayKit_City_Builder_Bits_1.0_FREE/Assets/fbx/building_D_withoutBase.fbx using Guid(70bb55d26f61ba94fa58a83a4ff7a68f) Importer(815301076,1909f56bfc062723c751e8b465ee728b)  -> (artifact id: '9e69207159fa458c68682e917b5149e3') in 0.013310 seconds
Number of updated asset objects reloaded before import = 0
Number of asset objects unloaded after import = 9
========================================================================
Received Import Request.
  Time since last request: 0.000011 seconds.
  path: Assets/KayKit_City_Builder_Bits_1.0_FREE/KayKit_City_Builder_Bits_1.0_FREE/Assets/fbx/firehydrant.fbx
  artifactKey: Guid(a5cc852cae622e042a6aa26be44d9c97) Importer(815301076,1909f56bfc062723c751e8b465ee728b)
Start importing Assets/KayKit_City_Builder_Bits_1.0_FREE/KayKit_City_Builder_Bits_1.0_FREE/Assets/fbx/firehydrant.fbx using Guid(a5cc852cae622e042a6aa26be44d9c97) Importer(815301076,1909f56bfc062723c751e8b465ee728b)  -> (artifact id: 'da5e8fc92dd9e1a6c4412768526042eb') in 0.010986 seconds
Number of updated asset objects reloaded before import = 0
Number of asset objects unloaded after import = 9
========================================================================
Received Import Request.
  Time since last request: 0.000012 seconds.
  path: Assets/KayKit_City_Builder_Bits_1.0_FREE/KayKit_City_Builder_Bits_1.0_FREE/Assets/fbx/trafficlight_B.fbx
  artifactKey: Guid(52585ada5620a4b4d8d2174a0a7be0ea) Importer(815301076,1909f56bfc062723c751e8b465ee728b)
Start importing Assets/KayKit_City_Builder_Bits_1.0_FREE/KayKit_City_Builder_Bits_1.0_FREE/Assets/fbx/trafficlight_B.fbx using Guid(52585ada5620a4b4d8d2174a0a7be0ea) Importer(815301076,1909f56bfc062723c751e8b465ee728b)  -> (artifact id: 'f8fecb112e376f4f9cbdd4e0819068b1') in 0.010729 seconds
Number of updated asset objects reloaded before import = 0
Number of asset objects unloaded after import = 9
========================================================================
Received Import Request.
  Time since last request: 0.000013 seconds.
  path: Assets/KayKit_City_Builder_Bits_1.0_FREE/KayKit_City_Builder_Bits_1.0_FREE/Assets/fbx/box_B.fbx
  artifactKey: Guid(d5009c53c6246854a88d5c06047e9175) Importer(815301076,1909f56bfc062723c751e8b465ee728b)
Start importing Assets/KayKit_City_Builder_Bits_1.0_FREE/KayKit_City_Builder_Bits_1.0_FREE/Assets/fbx/box_B.fbx using Guid(d5009c53c6246854a88d5c06047e9175) Importer(815301076,1909f56bfc062723c751e8b465ee728b)  -> (artifact id: '5c275c87e0df0ad1c9581e3d97cb84ce') in 0.011170 seconds
Number of updated asset objects reloaded before import = 0
Number of asset objects unloaded after import = 9
========================================================================
Received Import Request.
  Time since last request: 0.000011 seconds.
  path: Assets/KayKit_City_Builder_Bits_1.0_FREE/KayKit_City_Builder_Bits_1.0_FREE/Assets/fbx/box_A.fbx
  artifactKey: Guid(cd149546f3713214c959e66718b37dd9) Importer(815301076,1909f56bfc062723c751e8b465ee728b)
Start importing Assets/KayKit_City_Builder_Bits_1.0_FREE/KayKit_City_Builder_Bits_1.0_FREE/Assets/fbx/box_A.fbx using Guid(cd149546f3713214c959e66718b37dd9) Importer(815301076,1909f56bfc062723c751e8b465ee728b)  -> (artifact id: 'def782212837cdde0a60b8453ca2a4ae') in 0.009777 seconds
Number of updated asset objects reloaded before import = 0
Number of asset objects unloaded after import = 9
========================================================================
Received Import Request.
  Time since last request: 0.000010 seconds.
  path: Assets/KayKit_City_Builder_Bits_1.0_FREE/KayKit_City_Builder_Bits_1.0_FREE/Assets/fbx/trash_B.fbx
  artifactKey: Guid(36aec35891e2a4f4cb8e1bae655d6d54) Importer(815301076,1909f56bfc062723c751e8b465ee728b)
Start importing Assets/KayKit_City_Builder_Bits_1.0_FREE/KayKit_City_Builder_Bits_1.0_FREE/Assets/fbx/trash_B.fbx using Guid(36aec35891e2a4f4cb8e1bae655d6d54) Importer(815301076,1909f56bfc062723c751e8b465ee728b)  -> (artifact id: '5778e8a26f3325e638a2fb078d6b47e1') in 0.011236 seconds
Number of updated asset objects reloaded before import = 0
Number of asset objects unloaded after import = 9
========================================================================
Received Import Request.
  Time since last request: 0.000012 seconds.
  path: Assets/KayKit_City_Builder_Bits_1.0_FREE/KayKit_City_Builder_Bits_1.0_FREE/Assets/fbx/car_police.fbx
  artifactKey: Guid(15df6289548c7bb48867a726fd9f7ddd) Importer(815301076,1909f56bfc062723c751e8b465ee728b)
Start importing Assets/KayKit_City_Builder_Bits_1.0_FREE/KayKit_City_Builder_Bits_1.0_FREE/Assets/fbx/car_police.fbx using Guid(15df6289548c7bb48867a726fd9f7ddd) Importer(815301076,1909f56bfc062723c751e8b465ee728b)  -> (artifact id: 'dcb6041d2df4df8fdfe3717928f0a63d') in 0.038374 seconds
Number of updated asset objects reloaded before import = 0
Number of asset objects unloaded after import = 29
========================================================================
Received Import Request.
  Time since last request: 0.000013 seconds.
  path: Assets/KayKit_City_Builder_Bits_1.0_FREE/KayKit_City_Builder_Bits_1.0_FREE/Assets/fbx/building_E.fbx
  artifactKey: Guid(87432ac9e95f1194ab824d215bc69201) Importer(815301076,1909f56bfc062723c751e8b465ee728b)
Start importing Assets/KayKit_City_Builder_Bits_1.0_FREE/KayKit_City_Builder_Bits_1.0_FREE/Assets/fbx/building_E.fbx using Guid(87432ac9e95f1194ab824d215bc69201) Importer(815301076,1909f56bfc062723c751e8b465ee728b)  -> (artifact id: 'e57227f1282bb90d14c566d070c219d3') in 0.012299 seconds
Number of updated asset objects reloaded before import = 0
Number of asset objects unloaded after import = 9
========================================================================
Received Import Request.
  Time since last request: 0.000021 seconds.
  path: Assets/KayKit_City_Builder_Bits_1.0_FREE/KayKit_City_Builder_Bits_1.0_FREE/Assets/fbx/road_corner_curved.fbx
  artifactKey: Guid(907d10399abe27e4f9bee22636b09c4b) Importer(815301076,1909f56bfc062723c751e8b465ee728b)
Start importing Assets/KayKit_City_Builder_Bits_1.0_FREE/KayKit_City_Builder_Bits_1.0_FREE/Assets/fbx/road_corner_curved.fbx using Guid(907d10399abe27e4f9bee22636b09c4b) Importer(815301076,1909f56bfc062723c751e8b465ee728b)  -> (artifact id: 'a4e8a04960d552fd3dc41870e98063e9') in 0.013648 seconds
Number of updated asset objects reloaded before import = 0
Number of asset objects unloaded after import = 9
========================================================================
Received Import Request.
  Time since last request: 0.000016 seconds.
  path: Assets/KayKit_City_Builder_Bits_1.0_FREE/KayKit_City_Builder_Bits_1.0_FREE/Assets/fbx/road_junction.fbx
  artifactKey: Guid(c6d0beac360b4a54c98db7208d2aac45) Importer(815301076,1909f56bfc062723c751e8b465ee728b)
Start importing Assets/KayKit_City_Builder_Bits_1.0_FREE/KayKit_City_Builder_Bits_1.0_FREE/Assets/fbx/road_junction.fbx using Guid(c6d0beac360b4a54c98db7208d2aac45) Importer(815301076,1909f56bfc062723c751e8b465ee728b)  -> (artifact id: '01040b09f6fcda2355b1a92df7dd1fac') in 0.013183 seconds
Number of updated asset objects reloaded before import = 0
Number of asset objects unloaded after import = 9
========================================================================
Received Import Request.
  Time since last request: 0.000011 seconds.
  path: Assets/KayKit_City_Builder_Bits_1.0_FREE/KayKit_City_Builder_Bits_1.0_FREE/Assets/fbx/building_F.fbx
  artifactKey: Guid(f9fce090d4331414ab35d1112b13be2b) Importer(815301076,1909f56bfc062723c751e8b465ee728b)
Start importing Assets/KayKit_City_Builder_Bits_1.0_FREE/KayKit_City_Builder_Bits_1.0_FREE/Assets/fbx/building_F.fbx using Guid(f9fce090d4331414ab35d1112b13be2b) Importer(815301076,1909f56bfc062723c751e8b465ee728b)  -> (artifact id: '6ee3ff1016ecd4f8c7b7ceec076b9523') in 0.012909 seconds
Number of updated asset objects reloaded before import = 0
Number of asset objects unloaded after import = 9
========================================================================
Received Import Request.
  Time since last request: 0.000012 seconds.
  path: Assets/KayKit_City_Builder_Bits_1.0_FREE/KayKit_City_Builder_Bits_1.0_FREE/Assets/fbx/citybits_texture.png
  artifactKey: Guid(05008e5d53633e64cbe863a87a56a91a) Importer(815301076,1909f56bfc062723c751e8b465ee728b)
Start importing Assets/KayKit_City_Builder_Bits_1.0_FREE/KayKit_City_Builder_Bits_1.0_FREE/Assets/fbx/citybits_texture.png using Guid(05008e5d53633e64cbe863a87a56a91a) Importer(815301076,1909f56bfc062723c751e8b465ee728b)  -> (artifact id: 'd10d579281f7204e6eb118fe51ba2bff') in 0.005618 seconds
Number of updated asset objects reloaded before import = 0
Number of asset objects unloaded after import = 2
========================================================================
Received Import Request.
  Time since last request: 0.000012 seconds.
  path: Assets/KayKit_City_Builder_Bits_1.0_FREE/KayKit_City_Builder_Bits_1.0_FREE/Assets/fbx/dumpster.fbx
  artifactKey: Guid(57c1c8866c328014fbfcd7f361caca34) Importer(815301076,1909f56bfc062723c751e8b465ee728b)
Start importing Assets/KayKit_City_Builder_Bits_1.0_FREE/KayKit_City_Builder_Bits_1.0_FREE/Assets/fbx/dumpster.fbx using Guid(57c1c8866c328014fbfcd7f361caca34) Importer(815301076,1909f56bfc062723c751e8b465ee728b)  -> (artifact id: 'd4e16fdb8b58cb641cca3a17f844261d') in 0.011307 seconds
Number of updated asset objects reloaded before import = 0
Number of asset objects unloaded after import = 9
========================================================================
Received Import Request.
  Time since last request: 0.000011 seconds.
  path: Assets/KayKit_City_Builder_Bits_1.0_FREE/KayKit_City_Builder_Bits_1.0_FREE/Assets/fbx/building_F_withoutBase.fbx
  artifactKey: Guid(c1947b210fb472e4fa5cd2d5cf3144a2) Importer(815301076,1909f56bfc062723c751e8b465ee728b)
Start importing Assets/KayKit_City_Builder_Bits_1.0_FREE/KayKit_City_Builder_Bits_1.0_FREE/Assets/fbx/building_F_withoutBase.fbx using Guid(c1947b210fb472e4fa5cd2d5cf3144a2) Importer(815301076,1909f56bfc062723c751e8b465ee728b)  -> (artifact id: '1fb08670849066d0fbd8da259f1374df') in 0.010365 seconds
Number of updated asset objects reloaded before import = 0
Number of asset objects unloaded after import = 9
========================================================================
Received Prepare
Begin MonoManager ReloadAssembly
Symbol file LoadedFromMemory doesn't match image D:\unity porjects\RecuperatorioDeRedes\Library\PackageCache\com.unity.visualscripting@1.8.0\Editor\VisualScripting.Core\Dependencies\YamlDotNet\Unity.VisualScripting.YamlDotNet.dll
Symbol file LoadedFromMemory doesn't match image D:\unity porjects\RecuperatorioDeRedes\Library\PackageCache\com.unity.visualscripting@1.8.0\Editor\VisualScripting.Core\Dependencies\DotNetZip\Unity.VisualScripting.IonicZip.dll
- Loaded All Assemblies, in  0.566 seconds
Refreshing native plugins compatible for Editor in 1.83 ms, found 3 plugins.
Native extension for WindowsStandalone target not found
Native extension for Android target not found
[Package Manager] Server::EnsureServerProcessIsRunning -- launch failed, reason: Unity was launched with the -noUpm command-line argument
[Package Manager] UpmClient::Send -- Unable to send message (not connected to UPM process).
[Package Manager] Cannot connect to Unity Package Manager local server
Mono: successfully reloaded assembly
- Finished resetting the current domain, in  0.648 seconds
Domain Reload Profiling: 1214ms
	BeginReloadAssembly (125ms)
		ExecutionOrderSort (0ms)
		DisableScriptedObjects (3ms)
		BackupInstance (0ms)
		ReleaseScriptingObjects (0ms)
		CreateAndSetChildDomain (40ms)
	RebuildCommonClasses (22ms)
	RebuildNativeTypeToScriptingClass (8ms)
	initialDomainReloadingComplete (20ms)
	LoadAllAssembliesAndSetupDomain (390ms)
		LoadAssemblies (257ms)
		RebuildTransferFunctionScriptingTraits (0ms)
		AnalyzeDomain (189ms)
			TypeCache.Refresh (186ms)
				TypeCache.ScanAssembly (172ms)
			ScanForSourceGeneratedMonoScriptInfo (0ms)
			ResolveRequiredComponents (3ms)
	FinalizeReload (648ms)
		ReleaseScriptCaches (0ms)
		RebuildScriptCaches (0ms)
		SetupLoadedEditorAssemblies (317ms)
			LogAssemblyErrors (0ms)
			InitializePlatformSupportModulesInManaged (20ms)
			SetLoadedEditorAssemblies (4ms)
			RefreshPlugins (0ms)
			BeforeProcessingInitializeOnLoad (48ms)
			ProcessInitializeOnLoadAttributes (226ms)
			ProcessInitializeOnLoadMethodAttributes (16ms)
			AfterProcessingInitializeOnLoad (3ms)
			EditorAssembliesLoaded (0ms)
		ExecutionOrderSort2 (0ms)
		AwakeInstancesAfterBackupRestoration (8ms)
Refreshing native plugins compatible for Editor in 1.83 ms, found 3 plugins.
Preloading 0 native plugins for Editor in 0.00 ms.
Unloading 3064 Unused Serialized files (Serialized files now loaded: 0)
Unloading 22 unused Assets / (30.6 KB). Loaded Objects now: 3595.
Memory consumption went from 120.9 MB to 120.9 MB.
Total: 3.497900 ms (FindLiveObjects: 0.295900 ms CreateObjectMapping: 0.164000 ms MarkObjects: 2.990300 ms  DeleteObjects: 0.046600 ms)

Prepare: number of updated asset objects reloaded= 0
AssetImportParameters requested are different than current active one (requested -> active):
  custom:container-demuxer-ogg: 62fdf1f143b41e24485cea50d1cbac27 -> 
  custom:video-decoder-ogg-theora: a1e56fd34408186e4bbccfd4996cb3dc -> 
  custom:framework-win-MediaFoundation: 216162199b28c13a410421893ffa2e32 -> 
  custom:CustomObjectIndexerAttribute: 756ad292c208cfabdd7b50bc23989ffe -> 
  custom:container-demuxer-webm: 4f35f7cbe854078d1ac9338744f61a02 -> 
  custom:container-muxer-webm: aa71ff27fc2769a1b78a27578f13a17b -> 
  custom:video-decoder-webm-vp8: 9c59270c3fd7afecdb556c50c9e8de78 -> 
  custom:AudioImporter_EditorPlatform: d09bf68614088b80899f8185d706f6e7 -> 
  custom:video-encoder-webm-vp8: eb34c28f22e8b96e1ab97ce403110664 -> 
  custom:audio-decoder-ogg-vorbis: bf7c407c2cedff20999df2af8eb42d56 -> 
  custom:audio-encoder-webm-vorbis: bf7c407c2cedff20999df2af8eb42d56 -> 
========================================================================
Received Prepare
Begin MonoManager ReloadAssembly
Symbol file LoadedFromMemory doesn't match image D:\unity porjects\RecuperatorioDeRedes\Library\PackageCache\com.unity.visualscripting@1.8.0\Editor\VisualScripting.Core\Dependencies\YamlDotNet\Unity.VisualScripting.YamlDotNet.dll
Symbol file LoadedFromMemory doesn't match image D:\unity porjects\RecuperatorioDeRedes\Library\PackageCache\com.unity.visualscripting@1.8.0\Editor\VisualScripting.Core\Dependencies\DotNetZip\Unity.VisualScripting.IonicZip.dll
- Loaded All Assemblies, in  0.685 seconds
Refreshing native plugins compatible for Editor in 1.61 ms, found 3 plugins.
Native extension for WindowsStandalone target not found
Native extension for Android target not found
[Package Manager] Server::EnsureServerProcessIsRunning -- launch failed, reason: Unity was launched with the -noUpm command-line argument
[Package Manager] UpmClient::Send -- Unable to send message (not connected to UPM process).
[Package Manager] Cannot connect to Unity Package Manager local server
Mono: successfully reloaded assembly
- Finished resetting the current domain, in  0.643 seconds
Domain Reload Profiling: 1328ms
	BeginReloadAssembly (137ms)
		ExecutionOrderSort (0ms)
		DisableScriptedObjects (4ms)
		BackupInstance (0ms)
		ReleaseScriptingObjects (0ms)
		CreateAndSetChildDomain (34ms)
	RebuildCommonClasses (27ms)
	RebuildNativeTypeToScriptingClass (9ms)
	initialDomainReloadingComplete (22ms)
	LoadAllAssembliesAndSetupDomain (490ms)
		LoadAssemblies (319ms)
		RebuildTransferFunctionScriptingTraits (0ms)
		AnalyzeDomain (243ms)
			TypeCache.Refresh (240ms)
				TypeCache.ScanAssembly (221ms)
			ScanForSourceGeneratedMonoScriptInfo (0ms)
			ResolveRequiredComponents (3ms)
	FinalizeReload (644ms)
		ReleaseScriptCaches (0ms)
		RebuildScriptCaches (0ms)
		SetupLoadedEditorAssemblies (314ms)
			LogAssemblyErrors (0ms)
			InitializePlatformSupportModulesInManaged (20ms)
			SetLoadedEditorAssemblies (4ms)
			RefreshPlugins (0ms)
			BeforeProcessingInitializeOnLoad (48ms)
			ProcessInitializeOnLoadAttributes (222ms)
			ProcessInitializeOnLoadMethodAttributes (17ms)
			AfterProcessingInitializeOnLoad (3ms)
			EditorAssembliesLoaded (0ms)
		ExecutionOrderSort2 (0ms)
		AwakeInstancesAfterBackupRestoration (8ms)
Refreshing native plugins compatible for Editor in 2.06 ms, found 3 plugins.
Preloading 0 native plugins for Editor in 0.00 ms.
Unloading 3065 Unused Serialized files (Serialized files now loaded: 0)
Unloading 22 unused Assets / (30.7 KB). Loaded Objects now: 3598.
Memory consumption went from 121.1 MB to 121.1 MB.
Total: 3.078300 ms (FindLiveObjects: 0.264100 ms CreateObjectMapping: 0.167600 ms MarkObjects: 2.593700 ms  DeleteObjects: 0.051900 ms)

Prepare: number of updated asset objects reloaded= 0
AssetImportParameters requested are different than current active one (requested -> active):
  custom:container-demuxer-ogg: 62fdf1f143b41e24485cea50d1cbac27 -> 
  custom:video-decoder-ogg-theora: a1e56fd34408186e4bbccfd4996cb3dc -> 
  custom:framework-win-MediaFoundation: 216162199b28c13a410421893ffa2e32 -> 
  custom:CustomObjectIndexerAttribute: 756ad292c208cfabdd7b50bc23989ffe -> 
  custom:container-demuxer-webm: 4f35f7cbe854078d1ac9338744f61a02 -> 
  custom:container-muxer-webm: aa71ff27fc2769a1b78a27578f13a17b -> 
  custom:video-decoder-webm-vp8: 9c59270c3fd7afecdb556c50c9e8de78 -> 
  custom:AudioImporter_EditorPlatform: d09bf68614088b80899f8185d706f6e7 -> 
  custom:video-encoder-webm-vp8: eb34c28f22e8b96e1ab97ce403110664 -> 
  custom:audio-decoder-ogg-vorbis: bf7c407c2cedff20999df2af8eb42d56 -> 
  custom:audio-encoder-webm-vorbis: bf7c407c2cedff20999df2af8eb42d56 -> 
Editor requested this worker to shutdown with reason: Scaling down because of idle timeout
TcpMessagingSession - receive error: operation aborted. errorcode: 995, details: La operación de E/S se anuló por una salida de subproceso o por una solicitud de aplicación.
AssetImportWorker is now disconnected from the server
Process exiting
Exiting without the bug reporter. Application will terminate with return code 0