Using pre-set license
Built from '2022.3/release' branch; Version is '2022.3.5f1 (9674261d40ee) revision 9860134'; Using compiler version '192829333'; Build Type 'Release'
OS: 'Windows 10  (10.0.19045) 64bit Professional' Language: 'es' Physical Memory: 16308 MB
BatchMode: 1, IsHumanControllingUs: 0, StartBugReporterOnCrash: 0, Is64bit: 1, IsPro: 1

COMMAND LINE ARGUMENTS:
D:\unity\2022.3.5f1\Editor\Unity.exe
-adb2
-batchMode
-noUpm
-name
AssetImportWorker1
-projectPath
D:/unity porjects/RecuperatorioDeRedes
-logFile
Logs/AssetImportWorker1.log
-srvPort
55139
Successfully changed project path to: D:/unity porjects/RecuperatorioDeRedes
D:/unity porjects/RecuperatorioDeRedes
[UnityMemory] Configuration Parameters - Can be set up in boot.config
    "memorysetup-bucket-allocator-granularity=16"
    "memorysetup-bucket-allocator-bucket-count=8"
    "memorysetup-bucket-allocator-block-size=33554432"
    "memorysetup-bucket-allocator-block-count=8"
    "memorysetup-main-allocator-block-size=16777216"
    "memorysetup-thread-allocator-block-size=16777216"
    "memorysetup-gfx-main-allocator-block-size=16777216"
    "memorysetup-gfx-thread-allocator-block-size=16777216"
    "memorysetup-cache-allocator-block-size=4194304"
    "memorysetup-typetree-allocator-block-size=2097152"
    "memorysetup-profiler-bucket-allocator-granularity=16"
    "memorysetup-profiler-bucket-allocator-bucket-count=8"
    "memorysetup-profiler-bucket-allocator-block-size=33554432"
    "memorysetup-profiler-bucket-allocator-block-count=8"
    "memorysetup-profiler-allocator-block-size=16777216"
    "memorysetup-profiler-editor-allocator-block-size=1048576"
    "memorysetup-temp-allocator-size-main=16777216"
    "memorysetup-job-temp-allocator-block-size=2097152"
    "memorysetup-job-temp-allocator-block-size-background=1048576"
    "memorysetup-job-temp-allocator-reduction-small-platforms=262144"
    "memorysetup-allocator-temp-initial-block-size-main=262144"
    "memorysetup-allocator-temp-initial-block-size-worker=262144"
    "memorysetup-temp-allocator-size-background-worker=32768"
    "memorysetup-temp-allocator-size-job-worker=262144"
    "memorysetup-temp-allocator-size-preload-manager=33554432"
    "memorysetup-temp-allocator-size-nav-mesh-worker=65536"
    "memorysetup-temp-allocator-size-audio-worker=65536"
    "memorysetup-temp-allocator-size-cloud-worker=32768"
    "memorysetup-temp-allocator-size-gi-baking-worker=262144"
    "memorysetup-temp-allocator-size-gfx=262144"
Player connection [14396] Host "[IP] 192.168.0.97 [Port] 0 [Flags] 2 [Guid] 1789322449 [EditorId] 1789322449 [Version] 1048832 [Id] WindowsEditor(7,DESKTOP-M5EI0FN) [Debug] 1 [PackageName] WindowsEditor [ProjectName] Editor" joined multi-casting on [225.0.0.222:54997]...

Player connection [14396] Host "[IP] 192.168.0.97 [Port] 0 [Flags] 2 [Guid] 1789322449 [EditorId] 1789322449 [Version] 1048832 [Id] WindowsEditor(7,DESKTOP-M5EI0FN) [Debug] 1 [PackageName] WindowsEditor [ProjectName] Editor" joined alternative multi-casting on [225.0.0.222:34997]...

Refreshing native plugins compatible for Editor in 4.75 ms, found 3 plugins.
Preloading 0 native plugins for Editor in 0.00 ms.
Initialize engine version: 2022.3.5f1 (9674261d40ee)
[Subsystems] Discovering subsystems at path D:/unity/2022.3.5f1/Editor/Data/Resources/UnitySubsystems
[Subsystems] Discovering subsystems at path D:/unity porjects/RecuperatorioDeRedes/Assets
GfxDevice: creating device client; threaded=0; jobified=0
Direct3D:
    Version:  Direct3D 11.0 [level 11.1]
    Renderer: AMD Radeon RX 6700 XT (ID=0x73df)
    Vendor:   ATI
    VRAM:     12243 MB
    Driver:   32.0.21001.9024
Initialize mono
Mono path[0] = 'D:/unity/2022.3.5f1/Editor/Data/Managed'
Mono path[1] = 'D:/unity/2022.3.5f1/Editor/Data/MonoBleedingEdge/lib/mono/unityjit-win32'
Mono config path = 'D:/unity/2022.3.5f1/Editor/Data/MonoBleedingEdge/etc'
Using monoOptions --debugger-agent=transport=dt_socket,embedding=1,server=y,suspend=n,address=127.0.0.1:56992
Begin MonoManager ReloadAssembly
Registering precompiled unity dll's ...
Register platform support module: D:/unity/2022.3.5f1/Editor/Data/PlaybackEngines/AndroidPlayer/UnityEditor.Android.Extensions.dll
Register platform support module: D:/unity/2022.3.5f1/Editor/Data/PlaybackEngines/WindowsStandaloneSupport/UnityEditor.WindowsStandalone.Extensions.dll
Registered in 0.003881 seconds.
- Loaded All Assemblies, in  0.258 seconds
Native extension for WindowsStandalone target not found
Native extension for Android target not found
Android Extension - Scanning For ADB Devices 1229 ms
Mono: successfully reloaded assembly
- Finished resetting the current domain, in  1.469 seconds
Domain Reload Profiling: 1727ms
	BeginReloadAssembly (70ms)
		ExecutionOrderSort (0ms)
		DisableScriptedObjects (0ms)
		BackupInstance (0ms)
		ReleaseScriptingObjects (0ms)
		CreateAndSetChildDomain (1ms)
	RebuildCommonClasses (26ms)
	RebuildNativeTypeToScriptingClass (8ms)
	initialDomainReloadingComplete (41ms)
	LoadAllAssembliesAndSetupDomain (112ms)
		LoadAssemblies (70ms)
		RebuildTransferFunctionScriptingTraits (0ms)
		AnalyzeDomain (109ms)
			TypeCache.Refresh (108ms)
				TypeCache.ScanAssembly (98ms)
			ScanForSourceGeneratedMonoScriptInfo (0ms)
			ResolveRequiredComponents (0ms)
	FinalizeReload (1469ms)
		ReleaseScriptCaches (0ms)
		RebuildScriptCaches (0ms)
		SetupLoadedEditorAssemblies (1427ms)
			LogAssemblyErrors (0ms)
			InitializePlatformSupportModulesInManaged (1311ms)
			SetLoadedEditorAssemblies (3ms)
			RefreshPlugins (0ms)
			BeforeProcessingInitializeOnLoad (2ms)
			ProcessInitializeOnLoadAttributes (77ms)
			ProcessInitializeOnLoadMethodAttributes (33ms)
			AfterProcessingInitializeOnLoad (0ms)
			EditorAssembliesLoaded (0ms)
		ExecutionOrderSort2 (0ms)
		AwakeInstancesAfterBackupRestoration (0ms)
========================================================================
Worker process is ready to serve import requests
Begin MonoManager ReloadAssembly
Symbol file LoadedFromMemory doesn't match image D:\unity porjects\RecuperatorioDeRedes\Library\PackageCache\com.unity.visualscripting@1.8.0\Editor\VisualScripting.Core\Dependencies\YamlDotNet\Unity.VisualScripting.YamlDotNet.dll
Symbol file LoadedFromMemory doesn't match image D:\unity porjects\RecuperatorioDeRedes\Library\PackageCache\com.unity.visualscripting@1.8.0\Editor\VisualScripting.Core\Dependencies\DotNetZip\Unity.VisualScripting.IonicZip.dll
- Loaded All Assemblies, in  0.514 seconds
Refreshing native plugins compatible for Editor in 1.59 ms, found 3 plugins.
Native extension for WindowsStandalone target not found
Native extension for Android target not found
Package Manager log level set to [2]
[Package Manager] Server::EnsureServerProcessIsRunning -- launch failed, reason: Unity was launched with the -noUpm command-line argument
[Package Manager] UpmClient::Send -- Unable to send message (not connected to UPM process).
[Package Manager] Cannot connect to Unity Package Manager local server
Mono: successfully reloaded assembly
- Finished resetting the current domain, in  0.425 seconds
Domain Reload Profiling: 939ms
	BeginReloadAssembly (98ms)
		ExecutionOrderSort (0ms)
		DisableScriptedObjects (5ms)
		BackupInstance (0ms)
		ReleaseScriptingObjects (0ms)
		CreateAndSetChildDomain (19ms)
	RebuildCommonClasses (23ms)
	RebuildNativeTypeToScriptingClass (7ms)
	initialDomainReloadingComplete (28ms)
	LoadAllAssembliesAndSetupDomain (357ms)
		LoadAssemblies (193ms)
		RebuildTransferFunctionScriptingTraits (0ms)
		AnalyzeDomain (215ms)
			TypeCache.Refresh (199ms)
				TypeCache.ScanAssembly (187ms)
			ScanForSourceGeneratedMonoScriptInfo (12ms)
			ResolveRequiredComponents (3ms)
	FinalizeReload (425ms)
		ReleaseScriptCaches (0ms)
		RebuildScriptCaches (0ms)
		SetupLoadedEditorAssemblies (307ms)
			LogAssemblyErrors (0ms)
			InitializePlatformSupportModulesInManaged (16ms)
			SetLoadedEditorAssemblies (3ms)
			RefreshPlugins (0ms)
			BeforeProcessingInitializeOnLoad (42ms)
			ProcessInitializeOnLoadAttributes (229ms)
			ProcessInitializeOnLoadMethodAttributes (14ms)
			AfterProcessingInitializeOnLoad (2ms)
			EditorAssembliesLoaded (0ms)
		ExecutionOrderSort2 (0ms)
		AwakeInstancesAfterBackupRestoration (6ms)
Launched and connected shader compiler UnityShaderCompiler.exe after 0.04 seconds
Refreshing native plugins compatible for Editor in 2.40 ms, found 3 plugins.
Preloading 0 native plugins for Editor in 0.00 ms.
Unloading 3075 Unused Serialized files (Serialized files now loaded: 0)
Unloading 31 unused Assets / (56.3 KB). Loaded Objects now: 3543.
Memory consumption went from 123.2 MB to 123.1 MB.
Total: 2.697100 ms (FindLiveObjects: 0.229400 ms CreateObjectMapping: 0.128600 ms MarkObjects: 2.249400 ms  DeleteObjects: 0.089100 ms)

AssetImportParameters requested are different than current active one (requested -> active):
  custom:container-demuxer-ogg: 62fdf1f143b41e24485cea50d1cbac27 -> 
  custom:video-decoder-ogg-theora: a1e56fd34408186e4bbccfd4996cb3dc -> 
  custom:framework-win-MediaFoundation: 216162199b28c13a410421893ffa2e32 -> 
  custom:container-demuxer-webm: 4f35f7cbe854078d1ac9338744f61a02 -> 
  custom:container-muxer-webm: aa71ff27fc2769a1b78a27578f13a17b -> 
  custom:video-decoder-webm-vp8: 9c59270c3fd7afecdb556c50c9e8de78 -> 
  custom:AudioImporter_EditorPlatform: d09bf68614088b80899f8185d706f6e7 -> 
  custom:video-encoder-webm-vp8: eb34c28f22e8b96e1ab97ce403110664 -> 
  custom:audio-decoder-ogg-vorbis: bf7c407c2cedff20999df2af8eb42d56 -> 
  custom:audio-encoder-webm-vorbis: bf7c407c2cedff20999df2af8eb42d56 -> 
========================================================================
Received Import Request.
  Time since last request: 110934.545821 seconds.
  path: Assets/player.prefab
  artifactKey: Guid(08689c14aef07ff49ae0682927e3d22d) Importer(815301076,1909f56bfc062723c751e8b465ee728b)
Start importing Assets/player.prefab using Guid(08689c14aef07ff49ae0682927e3d22d) Importer(815301076,1909f56bfc062723c751e8b465ee728b)  -> (artifact id: '47c106a2902041234ac0ce90660ee746') in 0.088691 seconds
Internal: There are remaining Allocations on the JobTempAlloc. This is a leak, and will impact performance
To Debug, run app with -diag-job-temp-memory-leak-validation cmd line argument. This will output the callstacks of the leaked allocations.
Number of updated asset objects reloaded before import = 0
Number of asset objects unloaded after import = 412
========================================================================
Received Prepare
Refreshing native plugins compatible for Editor in 1.59 ms, found 3 plugins.
Preloading 0 native plugins for Editor in 0.00 ms.
Unloading 0 Unused Serialized files (Serialized files now loaded: 0)
Unloading 1 unused Assets / (0.8 KB). Loaded Objects now: 3552.
Memory consumption went from 75.8 MB to 75.8 MB.
Total: 2.909700 ms (FindLiveObjects: 0.218700 ms CreateObjectMapping: 0.133900 ms MarkObjects: 2.544000 ms  DeleteObjects: 0.012400 ms)

Prepare: number of updated asset objects reloaded= 0
AssetImportParameters requested are different than current active one (requested -> active):
  custom:container-demuxer-ogg: 62fdf1f143b41e24485cea50d1cbac27 -> 
  custom:video-decoder-ogg-theora: a1e56fd34408186e4bbccfd4996cb3dc -> 
  custom:framework-win-MediaFoundation: 216162199b28c13a410421893ffa2e32 -> 
  custom:CustomObjectIndexerAttribute: 756ad292c208cfabdd7b50bc23989ffe -> 
  custom:container-demuxer-webm: 4f35f7cbe854078d1ac9338744f61a02 -> 
  custom:container-muxer-webm: aa71ff27fc2769a1b78a27578f13a17b -> 
  custom:video-decoder-webm-vp8: 9c59270c3fd7afecdb556c50c9e8de78 -> 
  custom:AudioImporter_EditorPlatform: d09bf68614088b80899f8185d706f6e7 -> 
  custom:video-encoder-webm-vp8: eb34c28f22e8b96e1ab97ce403110664 -> 
  custom:audio-decoder-ogg-vorbis: bf7c407c2cedff20999df2af8eb42d56 -> 
  custom:audio-encoder-webm-vorbis: bf7c407c2cedff20999df2af8eb42d56 -> 
========================================================================
Received Prepare
Begin MonoManager ReloadAssembly
Symbol file LoadedFromMemory doesn't match image D:\unity porjects\RecuperatorioDeRedes\Library\PackageCache\com.unity.visualscripting@1.8.0\Editor\VisualScripting.Core\Dependencies\YamlDotNet\Unity.VisualScripting.YamlDotNet.dll
Symbol file LoadedFromMemory doesn't match image D:\unity porjects\RecuperatorioDeRedes\Library\PackageCache\com.unity.visualscripting@1.8.0\Editor\VisualScripting.Core\Dependencies\DotNetZip\Unity.VisualScripting.IonicZip.dll
- Loaded All Assemblies, in  0.558 seconds
Refreshing native plugins compatible for Editor in 1.71 ms, found 3 plugins.
Native extension for WindowsStandalone target not found
Native extension for Android target not found
[Package Manager] Server::EnsureServerProcessIsRunning -- launch failed, reason: Unity was launched with the -noUpm command-line argument
[Package Manager] UpmClient::Send -- Unable to send message (not connected to UPM process).
[Package Manager] Cannot connect to Unity Package Manager local server
Mono: successfully reloaded assembly
- Finished resetting the current domain, in  0.546 seconds
Domain Reload Profiling: 1103ms
	BeginReloadAssembly (119ms)
		ExecutionOrderSort (0ms)
		DisableScriptedObjects (4ms)
		BackupInstance (0ms)
		ReleaseScriptingObjects (0ms)
		CreateAndSetChildDomain (33ms)
	RebuildCommonClasses (22ms)
	RebuildNativeTypeToScriptingClass (8ms)
	initialDomainReloadingComplete (20ms)
	LoadAllAssembliesAndSetupDomain (388ms)
		LoadAssemblies (200ms)
		RebuildTransferFunctionScriptingTraits (0ms)
		AnalyzeDomain (245ms)
			TypeCache.Refresh (238ms)
				TypeCache.ScanAssembly (225ms)
			ScanForSourceGeneratedMonoScriptInfo (3ms)
			ResolveRequiredComponents (4ms)
	FinalizeReload (546ms)
		ReleaseScriptCaches (0ms)
		RebuildScriptCaches (0ms)
		SetupLoadedEditorAssemblies (247ms)
			LogAssemblyErrors (0ms)
			InitializePlatformSupportModulesInManaged (15ms)
			SetLoadedEditorAssemblies (3ms)
			RefreshPlugins (0ms)
			BeforeProcessingInitializeOnLoad (39ms)
			ProcessInitializeOnLoadAttributes (175ms)
			ProcessInitializeOnLoadMethodAttributes (13ms)
			AfterProcessingInitializeOnLoad (2ms)
			EditorAssembliesLoaded (0ms)
		ExecutionOrderSort2 (0ms)
		AwakeInstancesAfterBackupRestoration (7ms)
Refreshing native plugins compatible for Editor in 1.55 ms, found 3 plugins.
Preloading 0 native plugins for Editor in 0.00 ms.
Unloading 3065 Unused Serialized files (Serialized files now loaded: 0)
Unloading 24 unused Assets / (31.6 KB). Loaded Objects now: 3552.
Memory consumption went from 122.4 MB to 122.4 MB.
Total: 2.569600 ms (FindLiveObjects: 0.227100 ms CreateObjectMapping: 0.117700 ms MarkObjects: 2.185900 ms  DeleteObjects: 0.038300 ms)

Prepare: number of updated asset objects reloaded= 0
AssetImportParameters requested are different than current active one (requested -> active):
  custom:container-demuxer-ogg: 62fdf1f143b41e24485cea50d1cbac27 -> 
  custom:video-decoder-ogg-theora: a1e56fd34408186e4bbccfd4996cb3dc -> 
  custom:framework-win-MediaFoundation: 216162199b28c13a410421893ffa2e32 -> 
  custom:CustomObjectIndexerAttribute: 756ad292c208cfabdd7b50bc23989ffe -> 
  custom:container-demuxer-webm: 4f35f7cbe854078d1ac9338744f61a02 -> 
  custom:container-muxer-webm: aa71ff27fc2769a1b78a27578f13a17b -> 
  custom:video-decoder-webm-vp8: 9c59270c3fd7afecdb556c50c9e8de78 -> 
  custom:AudioImporter_EditorPlatform: d09bf68614088b80899f8185d706f6e7 -> 
  custom:video-encoder-webm-vp8: eb34c28f22e8b96e1ab97ce403110664 -> 
  custom:audio-decoder-ogg-vorbis: bf7c407c2cedff20999df2af8eb42d56 -> 
  custom:audio-encoder-webm-vorbis: bf7c407c2cedff20999df2af8eb42d56 -> 
========================================================================
Received Prepare
Begin MonoManager ReloadAssembly
Symbol file LoadedFromMemory doesn't match image D:\unity porjects\RecuperatorioDeRedes\Library\PackageCache\com.unity.visualscripting@1.8.0\Editor\VisualScripting.Core\Dependencies\YamlDotNet\Unity.VisualScripting.YamlDotNet.dll
Symbol file LoadedFromMemory doesn't match image D:\unity porjects\RecuperatorioDeRedes\Library\PackageCache\com.unity.visualscripting@1.8.0\Editor\VisualScripting.Core\Dependencies\DotNetZip\Unity.VisualScripting.IonicZip.dll
- Loaded All Assemblies, in  0.495 seconds
Refreshing native plugins compatible for Editor in 1.72 ms, found 3 plugins.
Native extension for WindowsStandalone target not found
Native extension for Android target not found
[Package Manager] Server::EnsureServerProcessIsRunning -- launch failed, reason: Unity was launched with the -noUpm command-line argument
[Package Manager] UpmClient::Send -- Unable to send message (not connected to UPM process).
[Package Manager] Cannot connect to Unity Package Manager local server
Mono: successfully reloaded assembly
- Finished resetting the current domain, in  0.612 seconds
Domain Reload Profiling: 1107ms
	BeginReloadAssembly (114ms)
		ExecutionOrderSort (0ms)
		DisableScriptedObjects (4ms)
		BackupInstance (0ms)
		ReleaseScriptingObjects (0ms)
		CreateAndSetChildDomain (33ms)
	RebuildCommonClasses (23ms)
	RebuildNativeTypeToScriptingClass (8ms)
	initialDomainReloadingComplete (21ms)
	LoadAllAssembliesAndSetupDomain (329ms)
		LoadAssemblies (196ms)
		RebuildTransferFunctionScriptingTraits (0ms)
		AnalyzeDomain (185ms)
			TypeCache.Refresh (182ms)
				TypeCache.ScanAssembly (170ms)
			ScanForSourceGeneratedMonoScriptInfo (0ms)
			ResolveRequiredComponents (3ms)
	FinalizeReload (612ms)
		ReleaseScriptCaches (0ms)
		RebuildScriptCaches (0ms)
		SetupLoadedEditorAssemblies (289ms)
			LogAssemblyErrors (0ms)
			InitializePlatformSupportModulesInManaged (18ms)
			SetLoadedEditorAssemblies (4ms)
			RefreshPlugins (0ms)
			BeforeProcessingInitializeOnLoad (44ms)
			ProcessInitializeOnLoadAttributes (205ms)
			ProcessInitializeOnLoadMethodAttributes (17ms)
			AfterProcessingInitializeOnLoad (2ms)
			EditorAssembliesLoaded (0ms)
		ExecutionOrderSort2 (0ms)
		AwakeInstancesAfterBackupRestoration (7ms)
Refreshing native plugins compatible for Editor in 1.90 ms, found 3 plugins.
Preloading 0 native plugins for Editor in 0.00 ms.
Unloading 3065 Unused Serialized files (Serialized files now loaded: 0)
Unloading 22 unused Assets / (30.7 KB). Loaded Objects now: 3555.
Memory consumption went from 122.5 MB to 122.5 MB.
Total: 2.880400 ms (FindLiveObjects: 0.259600 ms CreateObjectMapping: 0.136500 ms MarkObjects: 2.437300 ms  DeleteObjects: 0.046400 ms)

Prepare: number of updated asset objects reloaded= 0
AssetImportParameters requested are different than current active one (requested -> active):
  custom:container-demuxer-ogg: 62fdf1f143b41e24485cea50d1cbac27 -> 
  custom:video-decoder-ogg-theora: a1e56fd34408186e4bbccfd4996cb3dc -> 
  custom:framework-win-MediaFoundation: 216162199b28c13a410421893ffa2e32 -> 
  custom:CustomObjectIndexerAttribute: 756ad292c208cfabdd7b50bc23989ffe -> 
  custom:container-demuxer-webm: 4f35f7cbe854078d1ac9338744f61a02 -> 
  custom:container-muxer-webm: aa71ff27fc2769a1b78a27578f13a17b -> 
  custom:video-decoder-webm-vp8: 9c59270c3fd7afecdb556c50c9e8de78 -> 
  custom:AudioImporter_EditorPlatform: d09bf68614088b80899f8185d706f6e7 -> 
  custom:video-encoder-webm-vp8: eb34c28f22e8b96e1ab97ce403110664 -> 
  custom:audio-decoder-ogg-vorbis: bf7c407c2cedff20999df2af8eb42d56 -> 
  custom:audio-encoder-webm-vorbis: bf7c407c2cedff20999df2af8eb42d56 -> 
========================================================================
Received Import Request.
  Time since last request: 158.791033 seconds.
  path: Assets/KayKit_City_Builder_Bits_1.0_FREE/KayKit_City_Builder_Bits_1.0_FREE/sample.png
  artifactKey: Guid(526bbd941d90da24f932055641c500c3) Importer(815301076,1909f56bfc062723c751e8b465ee728b)
Start importing Assets/KayKit_City_Builder_Bits_1.0_FREE/KayKit_City_Builder_Bits_1.0_FREE/sample.png using Guid(526bbd941d90da24f932055641c500c3) Importer(815301076,1909f56bfc062723c751e8b465ee728b)  -> (artifact id: '1c40e89dc0709889707f15d143dff78b') in 0.032371 seconds
Number of updated asset objects reloaded before import = 0
Number of asset objects unloaded after import = 2
========================================================================
Received Import Request.
  Time since last request: 4.361854 seconds.
  path: Assets/KayKit_City_Builder_Bits_1.0_FREE/KayKit_City_Builder_Bits_1.0_FREE/Assets/fbx/bench.fbx
  artifactKey: Guid(6b510eacb8a851140b0a99592304cf63) Importer(815301076,1909f56bfc062723c751e8b465ee728b)
Start importing Assets/KayKit_City_Builder_Bits_1.0_FREE/KayKit_City_Builder_Bits_1.0_FREE/Assets/fbx/bench.fbx using Guid(6b510eacb8a851140b0a99592304cf63) Importer(815301076,1909f56bfc062723c751e8b465ee728b)  -> (artifact id: '2dbda7750d73a7db49fa88404e33a677') in 0.081738 seconds
Number of updated asset objects reloaded before import = 0
Number of asset objects unloaded after import = 9
========================================================================
Received Import Request.
  Time since last request: 0.000012 seconds.
  path: Assets/KayKit_City_Builder_Bits_1.0_FREE/KayKit_City_Builder_Bits_1.0_FREE/Assets/fbx/building_A.fbx
  artifactKey: Guid(81ae26e36235c8340857ef27ec23086d) Importer(815301076,1909f56bfc062723c751e8b465ee728b)
Start importing Assets/KayKit_City_Builder_Bits_1.0_FREE/KayKit_City_Builder_Bits_1.0_FREE/Assets/fbx/building_A.fbx using Guid(81ae26e36235c8340857ef27ec23086d) Importer(815301076,1909f56bfc062723c751e8b465ee728b)  -> (artifact id: 'a1e1c055d9c42b787174e8c1046964c4') in 0.014827 seconds
Number of updated asset objects reloaded before import = 0
Number of asset objects unloaded after import = 9
========================================================================
Received Import Request.
  Time since last request: 0.000014 seconds.
  path: Assets/KayKit_City_Builder_Bits_1.0_FREE/KayKit_City_Builder_Bits_1.0_FREE/Assets/fbx/road_straight.fbx
  artifactKey: Guid(a069f1667cc4a3e44ae13a86affc880f) Importer(815301076,1909f56bfc062723c751e8b465ee728b)
Start importing Assets/KayKit_City_Builder_Bits_1.0_FREE/KayKit_City_Builder_Bits_1.0_FREE/Assets/fbx/road_straight.fbx using Guid(a069f1667cc4a3e44ae13a86affc880f) Importer(815301076,1909f56bfc062723c751e8b465ee728b)  -> (artifact id: '5bd2831fed658552db8cb3b7802cca4a') in 0.013876 seconds
Number of updated asset objects reloaded before import = 0
Number of asset objects unloaded after import = 9
========================================================================
Received Import Request.
  Time since last request: 0.000018 seconds.
  path: Assets/KayKit_City_Builder_Bits_1.0_FREE/KayKit_City_Builder_Bits_1.0_FREE/Assets/fbx/car_taxi.fbx
  artifactKey: Guid(a7908381f9681b44bab9968d7c04d944) Importer(815301076,1909f56bfc062723c751e8b465ee728b)
Start importing Assets/KayKit_City_Builder_Bits_1.0_FREE/KayKit_City_Builder_Bits_1.0_FREE/Assets/fbx/car_taxi.fbx using Guid(a7908381f9681b44bab9968d7c04d944) Importer(815301076,1909f56bfc062723c751e8b465ee728b)  -> (artifact id: '246799d4f86fc641e35348976ac6b88a') in 0.038163 seconds
Number of updated asset objects reloaded before import = 0
Number of asset objects unloaded after import = 29
========================================================================
Received Import Request.
  Time since last request: 0.000012 seconds.
  path: Assets/KayKit_City_Builder_Bits_1.0_FREE/KayKit_City_Builder_Bits_1.0_FREE/Assets/fbx/building_B_withoutBase.fbx
  artifactKey: Guid(37575676f83e83149b049329a18cf947) Importer(815301076,1909f56bfc062723c751e8b465ee728b)
Start importing Assets/KayKit_City_Builder_Bits_1.0_FREE/KayKit_City_Builder_Bits_1.0_FREE/Assets/fbx/building_B_withoutBase.fbx using Guid(37575676f83e83149b049329a18cf947) Importer(815301076,1909f56bfc062723c751e8b465ee728b)  -> (artifact id: 'da73b0147b83c8cac43edb0c2eab9606') in 0.013026 seconds
Number of updated asset objects reloaded before import = 0
Number of asset objects unloaded after import = 9
========================================================================
Received Import Request.
  Time since last request: 0.000011 seconds.
  path: Assets/KayKit_City_Builder_Bits_1.0_FREE/KayKit_City_Builder_Bits_1.0_FREE/Assets/fbx/building_G_withoutBase.fbx
  artifactKey: Guid(c30faa7d22736e94aa9ccb5c8e3a775c) Importer(815301076,1909f56bfc062723c751e8b465ee728b)
Start importing Assets/KayKit_City_Builder_Bits_1.0_FREE/KayKit_City_Builder_Bits_1.0_FREE/Assets/fbx/building_G_withoutBase.fbx using Guid(c30faa7d22736e94aa9ccb5c8e3a775c) Importer(815301076,1909f56bfc062723c751e8b465ee728b)  -> (artifact id: '27ba789bce9437648711094ed03b2309') in 0.012484 seconds
Number of updated asset objects reloaded before import = 0
Number of asset objects unloaded after import = 9
========================================================================
Received Import Request.
  Time since last request: 0.000012 seconds.
  path: Assets/KayKit_City_Builder_Bits_1.0_FREE/KayKit_City_Builder_Bits_1.0_FREE/Assets/fbx/trash_A.fbx
  artifactKey: Guid(36b77e7a8b9bcd5439fdfd84aea577b1) Importer(815301076,1909f56bfc062723c751e8b465ee728b)
Start importing Assets/KayKit_City_Builder_Bits_1.0_FREE/KayKit_City_Builder_Bits_1.0_FREE/Assets/fbx/trash_A.fbx using Guid(36b77e7a8b9bcd5439fdfd84aea577b1) Importer(815301076,1909f56bfc062723c751e8b465ee728b)  -> (artifact id: '6014296e1c8560f55e4c7bee9a8b09b6') in 0.012957 seconds
Number of updated asset objects reloaded before import = 0
Number of asset objects unloaded after import = 9
========================================================================
Received Import Request.
  Time since last request: 0.000012 seconds.
  path: Assets/KayKit_City_Builder_Bits_1.0_FREE/KayKit_City_Builder_Bits_1.0_FREE/Assets/fbx/building_B.fbx
  artifactKey: Guid(abd32292713de974ab29fe96c90d15d4) Importer(815301076,1909f56bfc062723c751e8b465ee728b)
Start importing Assets/KayKit_City_Builder_Bits_1.0_FREE/KayKit_City_Builder_Bits_1.0_FREE/Assets/fbx/building_B.fbx using Guid(abd32292713de974ab29fe96c90d15d4) Importer(815301076,1909f56bfc062723c751e8b465ee728b)  -> (artifact id: 'ef9c325455d7f28a7a7d59543719b44c') in 0.013011 seconds
Number of updated asset objects reloaded before import = 0
Number of asset objects unloaded after import = 9
========================================================================
Received Import Request.
  Time since last request: 0.000011 seconds.
  path: Assets/KayKit_City_Builder_Bits_1.0_FREE/KayKit_City_Builder_Bits_1.0_FREE/Assets/fbx/car_stationwagon.fbx
  artifactKey: Guid(697561d21dc18d44c8bb5264082a9ac2) Importer(815301076,1909f56bfc062723c751e8b465ee728b)
Start importing Assets/KayKit_City_Builder_Bits_1.0_FREE/KayKit_City_Builder_Bits_1.0_FREE/Assets/fbx/car_stationwagon.fbx using Guid(697561d21dc18d44c8bb5264082a9ac2) Importer(815301076,1909f56bfc062723c751e8b465ee728b)  -> (artifact id: 'e3aecf1284240242ba90e38074fb3cc1') in 0.036070 seconds
Number of updated asset objects reloaded before import = 0
Number of asset objects unloaded after import = 29
========================================================================
Received Import Request.
  Time since last request: 0.000011 seconds.
  path: Assets/KayKit_City_Builder_Bits_1.0_FREE/KayKit_City_Builder_Bits_1.0_FREE/Assets/fbx/building_G.fbx
  artifactKey: Guid(13093c0e0b1d00b4599099ebef8bc6e5) Importer(815301076,1909f56bfc062723c751e8b465ee728b)
Start importing Assets/KayKit_City_Builder_Bits_1.0_FREE/KayKit_City_Builder_Bits_1.0_FREE/Assets/fbx/building_G.fbx using Guid(13093c0e0b1d00b4599099ebef8bc6e5) Importer(815301076,1909f56bfc062723c751e8b465ee728b)  -> (artifact id: '80033d2d318abd70acd8cbf5044de620') in 0.011185 seconds
Number of updated asset objects reloaded before import = 0
Number of asset objects unloaded after import = 9
========================================================================
Received Import Request.
  Time since last request: 0.000010 seconds.
  path: Assets/KayKit_City_Builder_Bits_1.0_FREE/KayKit_City_Builder_Bits_1.0_FREE/Assets/fbx/building_C.fbx
  artifactKey: Guid(5c6a60bd7376aca498072db09c7ff1a0) Importer(815301076,1909f56bfc062723c751e8b465ee728b)
Start importing Assets/KayKit_City_Builder_Bits_1.0_FREE/KayKit_City_Builder_Bits_1.0_FREE/Assets/fbx/building_C.fbx using Guid(5c6a60bd7376aca498072db09c7ff1a0) Importer(815301076,1909f56bfc062723c751e8b465ee728b)  -> (artifact id: '203b8bed07bb7014388f9f7fefe7502b') in 0.011601 seconds
Number of updated asset objects reloaded before import = 0
Number of asset objects unloaded after import = 9
========================================================================
Received Import Request.
  Time since last request: 0.000010 seconds.
  path: Assets/KayKit_City_Builder_Bits_1.0_FREE/KayKit_City_Builder_Bits_1.0_FREE/Assets/fbx/building_E_withoutBase.fbx
  artifactKey: Guid(839116dabd5dbce41a9d8492d2d461e9) Importer(815301076,1909f56bfc062723c751e8b465ee728b)
Start importing Assets/KayKit_City_Builder_Bits_1.0_FREE/KayKit_City_Builder_Bits_1.0_FREE/Assets/fbx/building_E_withoutBase.fbx using Guid(839116dabd5dbce41a9d8492d2d461e9) Importer(815301076,1909f56bfc062723c751e8b465ee728b)  -> (artifact id: '6f379663f9ecdc18af4c23790d922e89') in 0.011007 seconds
Number of updated asset objects reloaded before import = 0
Number of asset objects unloaded after import = 9
========================================================================
Received Import Request.
  Time since last request: 0.000011 seconds.
  path: Assets/KayKit_City_Builder_Bits_1.0_FREE/KayKit_City_Builder_Bits_1.0_FREE/Assets/fbx/building_C_withoutBase.fbx
  artifactKey: Guid(bbc1350e55775a54dac0cca4c459ea48) Importer(815301076,1909f56bfc062723c751e8b465ee728b)
Start importing Assets/KayKit_City_Builder_Bits_1.0_FREE/KayKit_City_Builder_Bits_1.0_FREE/Assets/fbx/building_C_withoutBase.fbx using Guid(bbc1350e55775a54dac0cca4c459ea48) Importer(815301076,1909f56bfc062723c751e8b465ee728b)  -> (artifact id: '3b43e8511b7701954bd4df09170f00a1') in 0.010598 seconds
Number of updated asset objects reloaded before import = 0
Number of asset objects unloaded after import = 9
========================================================================
Received Import Request.
  Time since last request: 0.000011 seconds.
  path: Assets/KayKit_City_Builder_Bits_1.0_FREE/KayKit_City_Builder_Bits_1.0_FREE/Assets/fbx/watertower.fbx
  artifactKey: Guid(3fbd9059a4502224cb6f309fe31eedfa) Importer(815301076,1909f56bfc062723c751e8b465ee728b)
Start importing Assets/KayKit_City_Builder_Bits_1.0_FREE/KayKit_City_Builder_Bits_1.0_FREE/Assets/fbx/watertower.fbx using Guid(3fbd9059a4502224cb6f309fe31eedfa) Importer(815301076,1909f56bfc062723c751e8b465ee728b)  -> (artifact id: '5aae350f07214cb876f1df7f3103253f') in 0.013069 seconds
Number of updated asset objects reloaded before import = 0
Number of asset objects unloaded after import = 9
========================================================================
Received Import Request.
  Time since last request: 0.000012 seconds.
  path: Assets/KayKit_City_Builder_Bits_1.0_FREE/KayKit_City_Builder_Bits_1.0_FREE/Assets/fbx/trafficlight_C.fbx
  artifactKey: Guid(a53cac3128428584f816f07636f3189c) Importer(815301076,1909f56bfc062723c751e8b465ee728b)
Start importing Assets/KayKit_City_Builder_Bits_1.0_FREE/KayKit_City_Builder_Bits_1.0_FREE/Assets/fbx/trafficlight_C.fbx using Guid(a53cac3128428584f816f07636f3189c) Importer(815301076,1909f56bfc062723c751e8b465ee728b)  -> (artifact id: '7caece5c66e656f13ce30a4b471429b7') in 0.012803 seconds
Number of updated asset objects reloaded before import = 0
Number of asset objects unloaded after import = 9
========================================================================
Received Import Request.
  Time since last request: 0.000011 seconds.
  path: Assets/KayKit_City_Builder_Bits_1.0_FREE/KayKit_City_Builder_Bits_1.0_FREE/Assets/fbx/building_D.fbx
  artifactKey: Guid(9f29096df08787f4eb59a2da82b1e685) Importer(815301076,1909f56bfc062723c751e8b465ee728b)
Start importing Assets/KayKit_City_Builder_Bits_1.0_FREE/KayKit_City_Builder_Bits_1.0_FREE/Assets/fbx/building_D.fbx using Guid(9f29096df08787f4eb59a2da82b1e685) Importer(815301076,1909f56bfc062723c751e8b465ee728b)  -> (artifact id: '678a63dcf6cf334cd2d559a7c3fc9d64') in 0.012890 seconds
Number of updated asset objects reloaded before import = 0
Number of asset objects unloaded after import = 9
========================================================================
Received Import Request.
  Time since last request: 0.000020 seconds.
  path: Assets/KayKit_City_Builder_Bits_1.0_FREE/KayKit_City_Builder_Bits_1.0_FREE/Assets/fbx/road_corner.fbx
  artifactKey: Guid(e4f8e6e1e2b62a44e84c6e0c1b0c78ff) Importer(815301076,1909f56bfc062723c751e8b465ee728b)
Start importing Assets/KayKit_City_Builder_Bits_1.0_FREE/KayKit_City_Builder_Bits_1.0_FREE/Assets/fbx/road_corner.fbx using Guid(e4f8e6e1e2b62a44e84c6e0c1b0c78ff) Importer(815301076,1909f56bfc062723c751e8b465ee728b)  -> (artifact id: '7589b60f79e48018c5e37b4936758c46') in 0.012891 seconds
Number of updated asset objects reloaded before import = 0
Number of asset objects unloaded after import = 9
========================================================================
Received Import Request.
  Time since last request: 0.000022 seconds.
  path: Assets/KayKit_City_Builder_Bits_1.0_FREE/KayKit_City_Builder_Bits_1.0_FREE/Assets/fbx/building_A_withoutBase.fbx
  artifactKey: Guid(865c92df1ed1d26448781a39fc2fe14a) Importer(815301076,1909f56bfc062723c751e8b465ee728b)
Start importing Assets/KayKit_City_Builder_Bits_1.0_FREE/KayKit_City_Builder_Bits_1.0_FREE/Assets/fbx/building_A_withoutBase.fbx using Guid(865c92df1ed1d26448781a39fc2fe14a) Importer(815301076,1909f56bfc062723c751e8b465ee728b)  -> (artifact id: 'f9d7520c6a57ad1c2fa94b076ad73b23') in 0.011812 seconds
Number of updated asset objects reloaded before import = 0
Number of asset objects unloaded after import = 9
========================================================================
Received Import Request.
  Time since last request: 0.000011 seconds.
  path: Assets/KayKit_City_Builder_Bits_1.0_FREE/KayKit_City_Builder_Bits_1.0_FREE/Assets/fbx/car_hatchback.fbx
  artifactKey: Guid(0278f5fb377cacd40816aa075e78e371) Importer(815301076,1909f56bfc062723c751e8b465ee728b)
Start importing Assets/KayKit_City_Builder_Bits_1.0_FREE/KayKit_City_Builder_Bits_1.0_FREE/Assets/fbx/car_hatchback.fbx using Guid(0278f5fb377cacd40816aa075e78e371) Importer(815301076,1909f56bfc062723c751e8b465ee728b)  -> (artifact id: '8ddff8880dc4c5041ae27c77f326520c') in 0.036214 seconds
Number of updated asset objects reloaded before import = 0
Number of asset objects unloaded after import = 29
========================================================================
Received Import Request.
  Time since last request: 0.000011 seconds.
  path: Assets/KayKit_City_Builder_Bits_1.0_FREE/KayKit_City_Builder_Bits_1.0_FREE/Assets/fbx/streetlight.fbx
  artifactKey: Guid(5e581104f44c67640835dbb5de268199) Importer(815301076,1909f56bfc062723c751e8b465ee728b)
Start importing Assets/KayKit_City_Builder_Bits_1.0_FREE/KayKit_City_Builder_Bits_1.0_FREE/Assets/fbx/streetlight.fbx using Guid(5e581104f44c67640835dbb5de268199) Importer(815301076,1909f56bfc062723c751e8b465ee728b)  -> (artifact id: 'fd9c1c088b4f10addd301465f0fcee7f') in 0.010517 seconds
Number of updated asset objects reloaded before import = 0
Number of asset objects unloaded after import = 9
========================================================================
Received Prepare
Begin MonoManager ReloadAssembly
Symbol file LoadedFromMemory doesn't match image D:\unity porjects\RecuperatorioDeRedes\Library\PackageCache\com.unity.visualscripting@1.8.0\Editor\VisualScripting.Core\Dependencies\YamlDotNet\Unity.VisualScripting.YamlDotNet.dll
Symbol file LoadedFromMemory doesn't match image D:\unity porjects\RecuperatorioDeRedes\Library\PackageCache\com.unity.visualscripting@1.8.0\Editor\VisualScripting.Core\Dependencies\DotNetZip\Unity.VisualScripting.IonicZip.dll
- Loaded All Assemblies, in  0.581 seconds
Refreshing native plugins compatible for Editor in 1.63 ms, found 3 plugins.
Native extension for WindowsStandalone target not found
Native extension for Android target not found
[Package Manager] Server::EnsureServerProcessIsRunning -- launch failed, reason: Unity was launched with the -noUpm command-line argument
[Package Manager] UpmClient::Send -- Unable to send message (not connected to UPM process).
[Package Manager] Cannot connect to Unity Package Manager local server
Mono: successfully reloaded assembly
- Finished resetting the current domain, in  0.640 seconds
Domain Reload Profiling: 1220ms
	BeginReloadAssembly (124ms)
		ExecutionOrderSort (0ms)
		DisableScriptedObjects (3ms)
		BackupInstance (0ms)
		ReleaseScriptingObjects (0ms)
		CreateAndSetChildDomain (37ms)
	RebuildCommonClasses (23ms)
	RebuildNativeTypeToScriptingClass (8ms)
	initialDomainReloadingComplete (23ms)
	LoadAllAssembliesAndSetupDomain (403ms)
		LoadAssemblies (260ms)
		RebuildTransferFunctionScriptingTraits (0ms)
		AnalyzeDomain (200ms)
			TypeCache.Refresh (197ms)
				TypeCache.ScanAssembly (183ms)
			ScanForSourceGeneratedMonoScriptInfo (0ms)
			ResolveRequiredComponents (3ms)
	FinalizeReload (640ms)
		ReleaseScriptCaches (0ms)
		RebuildScriptCaches (0ms)
		SetupLoadedEditorAssemblies (319ms)
			LogAssemblyErrors (0ms)
			InitializePlatformSupportModulesInManaged (18ms)
			SetLoadedEditorAssemblies (4ms)
			RefreshPlugins (0ms)
			BeforeProcessingInitializeOnLoad (49ms)
			ProcessInitializeOnLoadAttributes (227ms)
			ProcessInitializeOnLoadMethodAttributes (17ms)
			AfterProcessingInitializeOnLoad (2ms)
			EditorAssembliesLoaded (0ms)
		ExecutionOrderSort2 (0ms)
		AwakeInstancesAfterBackupRestoration (8ms)
Refreshing native plugins compatible for Editor in 1.82 ms, found 3 plugins.
Preloading 0 native plugins for Editor in 0.00 ms.
Unloading 3064 Unused Serialized files (Serialized files now loaded: 0)
Unloading 22 unused Assets / (30.7 KB). Loaded Objects now: 3596.
Memory consumption went from 122.6 MB to 122.6 MB.
Total: 3.093400 ms (FindLiveObjects: 0.320100 ms CreateObjectMapping: 0.205900 ms MarkObjects: 2.504300 ms  DeleteObjects: 0.062600 ms)

Prepare: number of updated asset objects reloaded= 0
AssetImportParameters requested are different than current active one (requested -> active):
  custom:container-demuxer-ogg: 62fdf1f143b41e24485cea50d1cbac27 -> 
  custom:video-decoder-ogg-theora: a1e56fd34408186e4bbccfd4996cb3dc -> 
  custom:framework-win-MediaFoundation: 216162199b28c13a410421893ffa2e32 -> 
  custom:CustomObjectIndexerAttribute: 756ad292c208cfabdd7b50bc23989ffe -> 
  custom:container-demuxer-webm: 4f35f7cbe854078d1ac9338744f61a02 -> 
  custom:container-muxer-webm: aa71ff27fc2769a1b78a27578f13a17b -> 
  custom:video-decoder-webm-vp8: 9c59270c3fd7afecdb556c50c9e8de78 -> 
  custom:AudioImporter_EditorPlatform: d09bf68614088b80899f8185d706f6e7 -> 
  custom:video-encoder-webm-vp8: eb34c28f22e8b96e1ab97ce403110664 -> 
  custom:audio-decoder-ogg-vorbis: bf7c407c2cedff20999df2af8eb42d56 -> 
  custom:audio-encoder-webm-vorbis: bf7c407c2cedff20999df2af8eb42d56 -> 
========================================================================
Received Prepare
Begin MonoManager ReloadAssembly
Symbol file LoadedFromMemory doesn't match image D:\unity porjects\RecuperatorioDeRedes\Library\PackageCache\com.unity.visualscripting@1.8.0\Editor\VisualScripting.Core\Dependencies\YamlDotNet\Unity.VisualScripting.YamlDotNet.dll
Symbol file LoadedFromMemory doesn't match image D:\unity porjects\RecuperatorioDeRedes\Library\PackageCache\com.unity.visualscripting@1.8.0\Editor\VisualScripting.Core\Dependencies\DotNetZip\Unity.VisualScripting.IonicZip.dll
- Loaded All Assemblies, in  0.692 seconds
Refreshing native plugins compatible for Editor in 1.74 ms, found 3 plugins.
Native extension for WindowsStandalone target not found
Native extension for Android target not found
[Package Manager] Server::EnsureServerProcessIsRunning -- launch failed, reason: Unity was launched with the -noUpm command-line argument
[Package Manager] UpmClient::Send -- Unable to send message (not connected to UPM process).
[Package Manager] Cannot connect to Unity Package Manager local server
Mono: successfully reloaded assembly
- Finished resetting the current domain, in  0.653 seconds
Domain Reload Profiling: 1346ms
	BeginReloadAssembly (139ms)
		ExecutionOrderSort (0ms)
		DisableScriptedObjects (4ms)
		BackupInstance (0ms)
		ReleaseScriptingObjects (0ms)
		CreateAndSetChildDomain (35ms)
	RebuildCommonClasses (24ms)
	RebuildNativeTypeToScriptingClass (8ms)
	initialDomainReloadingComplete (22ms)
	LoadAllAssembliesAndSetupDomain (498ms)
		LoadAssemblies (323ms)
		RebuildTransferFunctionScriptingTraits (0ms)
		AnalyzeDomain (248ms)
			TypeCache.Refresh (245ms)
				TypeCache.ScanAssembly (227ms)
			ScanForSourceGeneratedMonoScriptInfo (0ms)
			ResolveRequiredComponents (3ms)
	FinalizeReload (654ms)
		ReleaseScriptCaches (0ms)
		RebuildScriptCaches (0ms)
		SetupLoadedEditorAssemblies (317ms)
			LogAssemblyErrors (0ms)
			InitializePlatformSupportModulesInManaged (20ms)
			SetLoadedEditorAssemblies (4ms)
			RefreshPlugins (0ms)
			BeforeProcessingInitializeOnLoad (50ms)
			ProcessInitializeOnLoadAttributes (223ms)
			ProcessInitializeOnLoadMethodAttributes (16ms)
			AfterProcessingInitializeOnLoad (2ms)
			EditorAssembliesLoaded (0ms)
		ExecutionOrderSort2 (0ms)
		AwakeInstancesAfterBackupRestoration (8ms)
Refreshing native plugins compatible for Editor in 1.73 ms, found 3 plugins.
Preloading 0 native plugins for Editor in 0.00 ms.
Unloading 3065 Unused Serialized files (Serialized files now loaded: 0)
Unloading 22 unused Assets / (30.7 KB). Loaded Objects now: 3599.
Memory consumption went from 122.9 MB to 122.9 MB.
Total: 3.263700 ms (FindLiveObjects: 0.268500 ms CreateObjectMapping: 0.150200 ms MarkObjects: 2.795000 ms  DeleteObjects: 0.049300 ms)

Prepare: number of updated asset objects reloaded= 0
AssetImportParameters requested are different than current active one (requested -> active):
  custom:container-demuxer-ogg: 62fdf1f143b41e24485cea50d1cbac27 -> 
  custom:video-decoder-ogg-theora: a1e56fd34408186e4bbccfd4996cb3dc -> 
  custom:framework-win-MediaFoundation: 216162199b28c13a410421893ffa2e32 -> 
  custom:CustomObjectIndexerAttribute: 756ad292c208cfabdd7b50bc23989ffe -> 
  custom:container-demuxer-webm: 4f35f7cbe854078d1ac9338744f61a02 -> 
  custom:container-muxer-webm: aa71ff27fc2769a1b78a27578f13a17b -> 
  custom:video-decoder-webm-vp8: 9c59270c3fd7afecdb556c50c9e8de78 -> 
  custom:AudioImporter_EditorPlatform: d09bf68614088b80899f8185d706f6e7 -> 
  custom:video-encoder-webm-vp8: eb34c28f22e8b96e1ab97ce403110664 -> 
  custom:audio-decoder-ogg-vorbis: bf7c407c2cedff20999df2af8eb42d56 -> 
  custom:audio-encoder-webm-vorbis: bf7c407c2cedff20999df2af8eb42d56 -> 
Editor requested this worker to shutdown with reason: Scaling down because of idle timeout
TcpMessagingSession - receive error: operation aborted. errorcode: 995, details: La operación de E/S se anuló por una salida de subproceso o por una solicitud de aplicación.
AssetImportWorker is now disconnected from the server
Process exiting
Exiting without the bug reporter. Application will terminate with return code 0